20:56:24 **** Incremental Build of configuration Debug for project f303xx_drivers ****
make -j12 all 
arm-none-eabi-size   f303xx_drivers.elf 
   text	   data	    bss	    dec	    hex	filename
   2452	      8	   1568	   4028	    fbc	f303xx_drivers.elf
Finished building: default.size.stdout
 
20:56:38 **** Incremental Build of configuration Debug for project f303xx_drivers ****
make -j12 all 
arm-none-eabi-size   f303xx_drivers.elf 
   text	   data	    bss	    dec	    hex	filename
   2452	      8	   1568	   4028	    fbc	f303xx_drivers.elf
Finished building: default.size.stdout
 
20:58:17 **** Incremental Build of configuration Debug for project f303xx_drivers ****
make -j12 all 
arm-none-eabi-gcc "../drivers/Src/stm32f303xx_gpio_driver.c" -mcpu=cortex-m4 -std=gnu11 -g3 -DDEBUG -DSTM32F303VCTx -DSTM32 -DSTM32F3 -DSTM32F3DISCOVERY -c -I../Inc -I"C:/education/embedded/c/udemy/MCU1/f303xx_drivers/drivers/Inc" -I"C:/education/embedded/c/udemy/MCU1/f303xx_drivers/drivers" -I"C:/education/embedded/c/udemy/MCU1/f303xx_drivers/drivers/Src" -O0 -ffunction-sections -fdata-sections -Wall -fstack-usage -fcyclomatic-complexity -MMD -MP -MF"drivers/Src/stm32f303xx_gpio_driver.d" -MT"drivers/Src/stm32f303xx_gpio_driver.o" --specs=nano.specs -mfpu=fpv4-sp-d16 -mfloat-abi=hard -mthumb -o "drivers/Src/stm32f303xx_gpio_driver.o"
arm-none-eabi-gcc -o "f303xx_drivers.elf" @"objects.list"   -mcpu=cortex-m4 -T"C:\education\embedded\c\udemy\MCU1\f303xx_drivers\STM32F303VCTX_FLASH.ld" --specs=nosys.specs -Wl,-Map="f303xx_drivers.map" -Wl,--gc-sections -static --specs=nano.specs -mfpu=fpv4-sp-d16 -mfloat-abi=hard -mthumb -Wl,--start-group -lc -lm -Wl,--end-group
Finished building target: f303xx_drivers.elf
 
arm-none-eabi-size   f303xx_drivers.elf 
arm-none-eabi-objdump -h -S  f303xx_drivers.elf  > "f303xx_drivers.list"
   text	   data	    bss	    dec	    hex	filename
   2400	      8	   1568	   3976	    f88	f303xx_drivers.elf
Finished building: default.size.stdout
 
Finished building: f303xx_drivers.list
 
20:58:34 **** Incremental Build of configuration Debug for project f303xx_drivers ****
make -j12 all 
arm-none-eabi-size   f303xx_drivers.elf 
   text	   data	    bss	    dec	    hex	filename
   2400	      8	   1568	   3976	    f88	f303xx_drivers.elf
Finished building: default.size.stdout
 
20:58:53 **** Incremental Build of configuration Debug for project f303xx_drivers ****
make -j12 all 
arm-none-eabi-size   f303xx_drivers.elf 
   text	   data	    bss	    dec	    hex	filename
   2400	      8	   1568	   3976	    f88	f303xx_drivers.elf
Finished building: default.size.stdout
 
21:06:16 **** Clean-only build of configuration Debug for project f303xx_drivers ****
make -j12 clean 
rm -rf ./drivers/Src/stm32f303xx_gpio_driver.cyclo ./drivers/Src/stm32f303xx_gpio_driver.d ./drivers/Src/stm32f303xx_gpio_driver.o ./drivers/Src/stm32f303xx_gpio_driver.su
rm -rf ./Startup/startup_stm32f303vctx.d ./Startup/startup_stm32f303vctx.o
rm -rf ./Src/005_button_interrupt.cyclo ./Src/005_button_interrupt.d ./Src/005_button_interrupt.o ./Src/005_button_interrupt.su ./Src/syscalls.cyclo ./Src/syscalls.d ./Src/syscalls.o ./Src/syscalls.su ./Src/sysmem.cyclo ./Src/sysmem.d ./Src/sysmem.o ./Src/sysmem.su
rm -rf default.size.stdout f303xx_drivers.elf f303xx_drivers.list f303xx_drivers.map
 
21:06:17 **** Incremental Build of configuration Debug for project f303xx_drivers ****
make -j12 all 
arm-none-eabi-gcc "../drivers/Src/stm32f303xx_gpio_driver.c" -mcpu=cortex-m4 -std=gnu11 -g3 -DDEBUG -DSTM32F303VCTx -DSTM32 -DSTM32F3 -DSTM32F3DISCOVERY -c -I../Inc -I"C:/education/embedded/c/udemy/MCU1/f303xx_drivers/drivers/Inc" -I"C:/education/embedded/c/udemy/MCU1/f303xx_drivers/drivers" -I"C:/education/embedded/c/udemy/MCU1/f303xx_drivers/drivers/Src" -O0 -ffunction-sections -fdata-sections -Wall -fstack-usage -fcyclomatic-complexity -MMD -MP -MF"drivers/Src/stm32f303xx_gpio_driver.d" -MT"drivers/Src/stm32f303xx_gpio_driver.o" --specs=nano.specs -mfpu=fpv4-sp-d16 -mfloat-abi=hard -mthumb -o "drivers/Src/stm32f303xx_gpio_driver.o"
arm-none-eabi-gcc -mcpu=cortex-m4 -g3 -DDEBUG -c -x assembler-with-cpp -MMD -MP -MF"Startup/startup_stm32f303vctx.d" -MT"Startup/startup_stm32f303vctx.o" --specs=nano.specs -mfpu=fpv4-sp-d16 -mfloat-abi=hard -mthumb -o "Startup/startup_stm32f303vctx.o" "../Startup/startup_stm32f303vctx.s"
arm-none-eabi-gcc "../Src/005_button_interrupt.c" -mcpu=cortex-m4 -std=gnu11 -g3 -DDEBUG -DSTM32F303VCTx -DSTM32 -DSTM32F3 -DSTM32F3DISCOVERY -c -I../Inc -I"C:/education/embedded/c/udemy/MCU1/f303xx_drivers/drivers/Inc" -I"C:/education/embedded/c/udemy/MCU1/f303xx_drivers/drivers" -I"C:/education/embedded/c/udemy/MCU1/f303xx_drivers/drivers/Src" -O0 -ffunction-sections -fdata-sections -Wall -fstack-usage -fcyclomatic-complexity -MMD -MP -MF"Src/005_button_interrupt.d" -MT"Src/005_button_interrupt.o" --specs=nano.specs -mfpu=fpv4-sp-d16 -mfloat-abi=hard -mthumb -o "Src/005_button_interrupt.o"
arm-none-eabi-gcc "../Src/syscalls.c" -mcpu=cortex-m4 -std=gnu11 -g3 -DDEBUG -DSTM32F303VCTx -DSTM32 -DSTM32F3 -DSTM32F3DISCOVERY -c -I../Inc -I"C:/education/embedded/c/udemy/MCU1/f303xx_drivers/drivers/Inc" -I"C:/education/embedded/c/udemy/MCU1/f303xx_drivers/drivers" -I"C:/education/embedded/c/udemy/MCU1/f303xx_drivers/drivers/Src" -O0 -ffunction-sections -fdata-sections -Wall -fstack-usage -fcyclomatic-complexity -MMD -MP -MF"Src/syscalls.d" -MT"Src/syscalls.o" --specs=nano.specs -mfpu=fpv4-sp-d16 -mfloat-abi=hard -mthumb -o "Src/syscalls.o"
arm-none-eabi-gcc "../Src/sysmem.c" -mcpu=cortex-m4 -std=gnu11 -g3 -DDEBUG -DSTM32F303VCTx -DSTM32 -DSTM32F3 -DSTM32F3DISCOVERY -c -I../Inc -I"C:/education/embedded/c/udemy/MCU1/f303xx_drivers/drivers/Inc" -I"C:/education/embedded/c/udemy/MCU1/f303xx_drivers/drivers" -I"C:/education/embedded/c/udemy/MCU1/f303xx_drivers/drivers/Src" -O0 -ffunction-sections -fdata-sections -Wall -fstack-usage -fcyclomatic-complexity -MMD -MP -MF"Src/sysmem.d" -MT"Src/sysmem.o" --specs=nano.specs -mfpu=fpv4-sp-d16 -mfloat-abi=hard -mthumb -o "Src/sysmem.o"
arm-none-eabi-gcc -o "f303xx_drivers.elf" @"objects.list"   -mcpu=cortex-m4 -T"C:\education\embedded\c\udemy\MCU1\f303xx_drivers\STM32F303VCTX_FLASH.ld" --specs=nosys.specs -Wl,-Map="f303xx_drivers.map" -Wl,--gc-sections -static --specs=nano.specs -mfpu=fpv4-sp-d16 -mfloat-abi=hard -mthumb -Wl,--start-group -lc -lm -Wl,--end-group
Finished building target: f303xx_drivers.elf
 
arm-none-eabi-size   f303xx_drivers.elf 
arm-none-eabi-objdump -h -S  f303xx_drivers.elf  > "f303xx_drivers.list"
   text	   data	    bss	    dec	    hex	filename
   2400	      8	   1568	   3976	    f88	f303xx_drivers.elf
Finished building: default.size.stdout
 
Finished building: f303xx_drivers.list
 
21:19:04 **** Incremental Build of configuration Debug for project f303xx_drivers ****
make -j12 all 
arm-none-eabi-gcc "../Src/005_button_interrupt.c" -mcpu=cortex-m4 -std=gnu11 -g3 -DDEBUG -DSTM32F303VCTx -DSTM32 -DSTM32F3 -DSTM32F3DISCOVERY -c -I../Inc -I"C:/education/embedded/c/udemy/MCU1/f303xx_drivers/drivers/Inc" -I"C:/education/embedded/c/udemy/MCU1/f303xx_drivers/drivers" -I"C:/education/embedded/c/udemy/MCU1/f303xx_drivers/drivers/Src" -O0 -ffunction-sections -fdata-sections -Wall -fstack-usage -fcyclomatic-complexity -MMD -MP -MF"Src/005_button_interrupt.d" -MT"Src/005_button_interrupt.o" --specs=nano.specs -mfpu=fpv4-sp-d16 -mfloat-abi=hard -mthumb -o "Src/005_button_interrupt.o"
arm-none-eabi-gcc -o "f303xx_drivers.elf" @"objects.list"   -mcpu=cortex-m4 -T"C:\education\embedded\c\udemy\MCU1\f303xx_drivers\STM32F303VCTX_FLASH.ld" --specs=nosys.specs -Wl,-Map="f303xx_drivers.map" -Wl,--gc-sections -static --specs=nano.specs -mfpu=fpv4-sp-d16 -mfloat-abi=hard -mthumb -Wl,--start-group -lc -lm -Wl,--end-group
Finished building target: f303xx_drivers.elf
 
arm-none-eabi-size   f303xx_drivers.elf 
arm-none-eabi-objdump -h -S  f303xx_drivers.elf  > "f303xx_drivers.list"
   text	   data	    bss	    dec	    hex	filename
   2400	      8	   1568	   3976	    f88	f303xx_drivers.elf
Finished building: default.size.stdout
 
Finished building: f303xx_drivers.list
 
21:20:27 **** Incremental Build of configuration Debug for project f303xx_drivers ****
make -j12 all 
arm-none-eabi-gcc "../drivers/Src/stm32f303xx_gpio_driver.c" -mcpu=cortex-m4 -std=gnu11 -g3 -DDEBUG -DSTM32F303VCTx -DSTM32 -DSTM32F3 -DSTM32F3DISCOVERY -c -I../Inc -I"C:/education/embedded/c/udemy/MCU1/f303xx_drivers/drivers/Inc" -I"C:/education/embedded/c/udemy/MCU1/f303xx_drivers/drivers" -I"C:/education/embedded/c/udemy/MCU1/f303xx_drivers/drivers/Src" -O0 -ffunction-sections -fdata-sections -Wall -fstack-usage -fcyclomatic-complexity -MMD -MP -MF"drivers/Src/stm32f303xx_gpio_driver.d" -MT"drivers/Src/stm32f303xx_gpio_driver.o" --specs=nano.specs -mfpu=fpv4-sp-d16 -mfloat-abi=hard -mthumb -o "drivers/Src/stm32f303xx_gpio_driver.o"
arm-none-eabi-gcc -o "f303xx_drivers.elf" @"objects.list"   -mcpu=cortex-m4 -T"C:\education\embedded\c\udemy\MCU1\f303xx_drivers\STM32F303VCTX_FLASH.ld" --specs=nosys.specs -Wl,-Map="f303xx_drivers.map" -Wl,--gc-sections -static --specs=nano.specs -mfpu=fpv4-sp-d16 -mfloat-abi=hard -mthumb -Wl,--start-group -lc -lm -Wl,--end-group
Finished building target: f303xx_drivers.elf
 
arm-none-eabi-size   f303xx_drivers.elf 
arm-none-eabi-objdump -h -S  f303xx_drivers.elf  > "f303xx_drivers.list"
   text	   data	    bss	    dec	    hex	filename
   2320	      8	   1568	   3896	    f38	f303xx_drivers.elf
Finished building: default.size.stdout
 
Finished building: f303xx_drivers.list
 
21:21:07 **** Incremental Build of configuration Debug for project f303xx_drivers ****
make -j12 all 
arm-none-eabi-gcc "../drivers/Src/stm32f303xx_gpio_driver.c" -mcpu=cortex-m4 -std=gnu11 -g3 -DDEBUG -DSTM32F303VCTx -DSTM32 -DSTM32F3 -DSTM32F3DISCOVERY -c -I../Inc -I"C:/education/embedded/c/udemy/MCU1/f303xx_drivers/drivers/Inc" -I"C:/education/embedded/c/udemy/MCU1/f303xx_drivers/drivers" -I"C:/education/embedded/c/udemy/MCU1/f303xx_drivers/drivers/Src" -O0 -ffunction-sections -fdata-sections -Wall -fstack-usage -fcyclomatic-complexity -MMD -MP -MF"drivers/Src/stm32f303xx_gpio_driver.d" -MT"drivers/Src/stm32f303xx_gpio_driver.o" --specs=nano.specs -mfpu=fpv4-sp-d16 -mfloat-abi=hard -mthumb -o "drivers/Src/stm32f303xx_gpio_driver.o"
arm-none-eabi-gcc "../Src/005_button_interrupt.c" -mcpu=cortex-m4 -std=gnu11 -g3 -DDEBUG -DSTM32F303VCTx -DSTM32 -DSTM32F3 -DSTM32F3DISCOVERY -c -I../Inc -I"C:/education/embedded/c/udemy/MCU1/f303xx_drivers/drivers/Inc" -I"C:/education/embedded/c/udemy/MCU1/f303xx_drivers/drivers" -I"C:/education/embedded/c/udemy/MCU1/f303xx_drivers/drivers/Src" -O0 -ffunction-sections -fdata-sections -Wall -fstack-usage -fcyclomatic-complexity -MMD -MP -MF"Src/005_button_interrupt.d" -MT"Src/005_button_interrupt.o" --specs=nano.specs -mfpu=fpv4-sp-d16 -mfloat-abi=hard -mthumb -o "Src/005_button_interrupt.o"
arm-none-eabi-gcc -o "f303xx_drivers.elf" @"objects.list"   -mcpu=cortex-m4 -T"C:\education\embedded\c\udemy\MCU1\f303xx_drivers\STM32F303VCTX_FLASH.ld" --specs=nosys.specs -Wl,-Map="f303xx_drivers.map" -Wl,--gc-sections -static --specs=nano.specs -mfpu=fpv4-sp-d16 -mfloat-abi=hard -mthumb -Wl,--start-group -lc -lm -Wl,--end-group
Finished building target: f303xx_drivers.elf
 
arm-none-eabi-size   f303xx_drivers.elf 
arm-none-eabi-objdump -h -S  f303xx_drivers.elf  > "f303xx_drivers.list"
   text	   data	    bss	    dec	    hex	filename
   2320	      8	   1568	   3896	    f38	f303xx_drivers.elf
Finished building: default.size.stdout
 
Finished building: f303xx_drivers.list
 
21:30:08 **** Incremental Build of configuration Debug for project f303xx_drivers ****
make -j12 all 
arm-none-eabi-gcc "../drivers/Src/stm32f303xx_gpio_driver.c" -mcpu=cortex-m4 -std=gnu11 -g3 -DDEBUG -DSTM32F303VCTx -DSTM32 -DSTM32F3 -DSTM32F3DISCOVERY -c -I../Inc -I"C:/education/embedded/c/udemy/MCU1/f303xx_drivers/drivers/Inc" -I"C:/education/embedded/c/udemy/MCU1/f303xx_drivers/drivers" -I"C:/education/embedded/c/udemy/MCU1/f303xx_drivers/drivers/Src" -O0 -ffunction-sections -fdata-sections -Wall -fstack-usage -fcyclomatic-complexity -MMD -MP -MF"drivers/Src/stm32f303xx_gpio_driver.d" -MT"drivers/Src/stm32f303xx_gpio_driver.o" --specs=nano.specs -mfpu=fpv4-sp-d16 -mfloat-abi=hard -mthumb -o "drivers/Src/stm32f303xx_gpio_driver.o"
arm-none-eabi-gcc "../Src/005_button_interrupt.c" -mcpu=cortex-m4 -std=gnu11 -g3 -DDEBUG -DSTM32F303VCTx -DSTM32 -DSTM32F3 -DSTM32F3DISCOVERY -c -I../Inc -I"C:/education/embedded/c/udemy/MCU1/f303xx_drivers/drivers/Inc" -I"C:/education/embedded/c/udemy/MCU1/f303xx_drivers/drivers" -I"C:/education/embedded/c/udemy/MCU1/f303xx_drivers/drivers/Src" -O0 -ffunction-sections -fdata-sections -Wall -fstack-usage -fcyclomatic-complexity -MMD -MP -MF"Src/005_button_interrupt.d" -MT"Src/005_button_interrupt.o" --specs=nano.specs -mfpu=fpv4-sp-d16 -mfloat-abi=hard -mthumb -o "Src/005_button_interrupt.o"
arm-none-eabi-gcc -o "f303xx_drivers.elf" @"objects.list"   -mcpu=cortex-m4 -T"C:\education\embedded\c\udemy\MCU1\f303xx_drivers\STM32F303VCTX_FLASH.ld" --specs=nosys.specs -Wl,-Map="f303xx_drivers.map" -Wl,--gc-sections -static --specs=nano.specs -mfpu=fpv4-sp-d16 -mfloat-abi=hard -mthumb -Wl,--start-group -lc -lm -Wl,--end-group
Finished building target: f303xx_drivers.elf
 
arm-none-eabi-size   f303xx_drivers.elf 
arm-none-eabi-objdump -h -S  f303xx_drivers.elf  > "f303xx_drivers.list"
   text	   data	    bss	    dec	    hex	filename
   2320	      8	   1568	   3896	    f38	f303xx_drivers.elf
Finished building: default.size.stdout
 
Finished building: f303xx_drivers.list
 
21:42:22 **** Incremental Build of configuration Debug for project f303xx_drivers ****
make -j12 all 
arm-none-eabi-gcc "../drivers/Src/stm32f303xx_gpio_driver.c" -mcpu=cortex-m4 -std=gnu11 -g3 -DDEBUG -DSTM32F303VCTx -DSTM32 -DSTM32F3 -DSTM32F3DISCOVERY -c -I../Inc -I"C:/education/embedded/c/udemy/MCU1/f303xx_drivers/drivers/Inc" -I"C:/education/embedded/c/udemy/MCU1/f303xx_drivers/drivers" -I"C:/education/embedded/c/udemy/MCU1/f303xx_drivers/drivers/Src" -O0 -ffunction-sections -fdata-sections -Wall -fstack-usage -fcyclomatic-complexity -MMD -MP -MF"drivers/Src/stm32f303xx_gpio_driver.d" -MT"drivers/Src/stm32f303xx_gpio_driver.o" --specs=nano.specs -mfpu=fpv4-sp-d16 -mfloat-abi=hard -mthumb -o "drivers/Src/stm32f303xx_gpio_driver.o"
arm-none-eabi-gcc -o "f303xx_drivers.elf" @"objects.list"   -mcpu=cortex-m4 -T"C:\education\embedded\c\udemy\MCU1\f303xx_drivers\STM32F303VCTX_FLASH.ld" --specs=nosys.specs -Wl,-Map="f303xx_drivers.map" -Wl,--gc-sections -static --specs=nano.specs -mfpu=fpv4-sp-d16 -mfloat-abi=hard -mthumb -Wl,--start-group -lc -lm -Wl,--end-group
Finished building target: f303xx_drivers.elf
 
arm-none-eabi-size   f303xx_drivers.elf 
arm-none-eabi-objdump -h -S  f303xx_drivers.elf  > "f303xx_drivers.list"
   text	   data	    bss	    dec	    hex	filename
   2320	      8	   1568	   3896	    f38	f303xx_drivers.elf
Finished building: default.size.stdout
 
Finished building: f303xx_drivers.list
 
21:47:07 **** Incremental Build of configuration Debug for project f303xx_drivers ****
make -j12 all 
arm-none-eabi-gcc "../drivers/Src/stm32f303xx_gpio_driver.c" -mcpu=cortex-m4 -std=gnu11 -g3 -DDEBUG -DSTM32F303VCTx -DSTM32 -DSTM32F3 -DSTM32F3DISCOVERY -c -I../Inc -I"C:/education/embedded/c/udemy/MCU1/f303xx_drivers/drivers/Inc" -I"C:/education/embedded/c/udemy/MCU1/f303xx_drivers/drivers" -I"C:/education/embedded/c/udemy/MCU1/f303xx_drivers/drivers/Src" -O0 -ffunction-sections -fdata-sections -Wall -fstack-usage -fcyclomatic-complexity -MMD -MP -MF"drivers/Src/stm32f303xx_gpio_driver.d" -MT"drivers/Src/stm32f303xx_gpio_driver.o" --specs=nano.specs -mfpu=fpv4-sp-d16 -mfloat-abi=hard -mthumb -o "drivers/Src/stm32f303xx_gpio_driver.o"
arm-none-eabi-gcc -o "f303xx_drivers.elf" @"objects.list"   -mcpu=cortex-m4 -T"C:\education\embedded\c\udemy\MCU1\f303xx_drivers\STM32F303VCTX_FLASH.ld" --specs=nosys.specs -Wl,-Map="f303xx_drivers.map" -Wl,--gc-sections -static --specs=nano.specs -mfpu=fpv4-sp-d16 -mfloat-abi=hard -mthumb -Wl,--start-group -lc -lm -Wl,--end-group
Finished building target: f303xx_drivers.elf
 
arm-none-eabi-size   f303xx_drivers.elf 
arm-none-eabi-objdump -h -S  f303xx_drivers.elf  > "f303xx_drivers.list"
   text	   data	    bss	    dec	    hex	filename
   2320	      8	   1568	   3896	    f38	f303xx_drivers.elf
Finished building: default.size.stdout
 
Finished building: f303xx_drivers.list
 
21:48:26 **** Incremental Build of configuration Debug for project f303xx_drivers ****
make -j12 all 
arm-none-eabi-size   f303xx_drivers.elf 
   text	   data	    bss	    dec	    hex	filename
   2320	      8	   1568	   3896	    f38	f303xx_drivers.elf
Finished building: default.size.stdout
 
21:53:19 **** Incremental Build of configuration Debug for project f303xx_drivers ****
make -j12 all 
arm-none-eabi-gcc "../Src/005_button_interrupt.c" -mcpu=cortex-m4 -std=gnu11 -g3 -DDEBUG -DSTM32F303VCTx -DSTM32 -DSTM32F3 -DSTM32F3DISCOVERY -c -I../Inc -I"C:/education/embedded/c/udemy/MCU1/f303xx_drivers/drivers/Inc" -I"C:/education/embedded/c/udemy/MCU1/f303xx_drivers/drivers" -I"C:/education/embedded/c/udemy/MCU1/f303xx_drivers/drivers/Src" -O0 -ffunction-sections -fdata-sections -Wall -fstack-usage -fcyclomatic-complexity -MMD -MP -MF"Src/005_button_interrupt.d" -MT"Src/005_button_interrupt.o" --specs=nano.specs -mfpu=fpv4-sp-d16 -mfloat-abi=hard -mthumb -o "Src/005_button_interrupt.o"
arm-none-eabi-gcc -o "f303xx_drivers.elf" @"objects.list"   -mcpu=cortex-m4 -T"C:\education\embedded\c\udemy\MCU1\f303xx_drivers\STM32F303VCTX_FLASH.ld" --specs=nosys.specs -Wl,-Map="f303xx_drivers.map" -Wl,--gc-sections -static --specs=nano.specs -mfpu=fpv4-sp-d16 -mfloat-abi=hard -mthumb -Wl,--start-group -lc -lm -Wl,--end-group
Finished building target: f303xx_drivers.elf
 
arm-none-eabi-size   f303xx_drivers.elf 
arm-none-eabi-objdump -h -S  f303xx_drivers.elf  > "f303xx_drivers.list"
   text	   data	    bss	    dec	    hex	filename
   2320	      8	   1568	   3896	    f38	f303xx_drivers.elf
Finished building: default.size.stdout
 
Finished building: f303xx_drivers.list
 
