2023-04-27 20:36:55,368 [INFO] Activator:176 - 


2023-04-27 20:36:55,369 [INFO] Activator:177 - !SESSION log4j initialized
2023-04-27 20:36:57,142 [INFO] LogOutputStream:77 - [STDOUT_REDIRECT] 
2023-04-27 20:37:17,705 [ERROR] LogOutputStream:75 - [STDERR_REDIRECT] SLF4J: Failed to load class "org.slf4j.impl.StaticLoggerBinder".
2023-04-27 20:37:17,706 [ERROR] LogOutputStream:75 - [STDERR_REDIRECT] SLF4J: Defaulting to no-operation (NOP) logger implementation
2023-04-27 20:37:17,707 [ERROR] LogOutputStream:75 - [STDERR_REDIRECT] SLF4J: See http://www.slf4j.org/codes.html#StaticLoggerBinder for further details.
2023-04-27 20:39:49,232 [INFO] ApplicationProperties:184 - Using Application install path: C:\apps\STM32CubeIDE_1.12.1\STM32CubeIDE\plugins\com.st.stm32cube.common.mx_6.8.1.202304191431
2023-04-27 20:39:49,244 [INFO] DbMcusXml:78 - Set database path to: C:\apps\STM32CubeIDE_1.12.1\STM32CubeIDE\plugins\com.st.stm32cube.common.mx_6.8.1.202304191431\\db\/mcu/
2023-04-27 20:39:49,244 [INFO] ApiDb:274 - Set plugin database path to: C:\apps\STM32CubeIDE_1.12.1\STM32CubeIDE\plugins\com.st.stm32cube.common.mx_6.8.1.202304191431\\db\/plugins/boardmanager/
2023-04-27 20:39:49,245 [WARN] ApiDb:259 - Overriding images path with different value:  => C:\apps\STM32CubeIDE_1.12.1\STM32CubeIDE\plugins\com.st.stm32cube.common.mx_6.8.1.202304191431\\db\/plugins/mcufinder/images/
2023-04-27 20:39:50,039 [WARN] ApiFinderProperties:113 - C:\Users\Kana\.stmcufinder\plugins\mcufinder\mcu\mcuFinder.mfd doesn't exist
2023-04-27 20:39:50,040 [INFO] ApiDb:250 - Set database path to: C:\Users\Kana\.stmcufinder\plugins\mcufinder//mcu/
2023-04-27 20:39:50,041 [INFO] DbMcusAds:125 - Set database path to: C:\Users\Kana\.stmcufinder\plugins\mcufinder//mcu/
2023-04-27 20:39:50,046 [INFO] CrossReferenceDbSqlite:203 - Set database path to: C:\Users\Kana\.stmcufinder\plugins\mcufinder//mcu/cs/
2023-04-27 20:39:50,110 [INFO] RulesReader:64 - Compatibility file has been processed (293 Rules)
2023-04-27 20:39:50,150 [INFO] DbMcusXml:78 - Set database path to: C:\apps\STM32CubeIDE_1.12.1\STM32CubeIDE\plugins\com.st.stm32cube.common.mx_6.8.1.202304191431\\db\/mcu/
2023-04-27 20:39:50,150 [INFO] ApiDb:274 - Set plugin database path to: C:\apps\STM32CubeIDE_1.12.1\STM32CubeIDE\plugins\com.st.stm32cube.common.mx_6.8.1.202304191431\\db\/plugins/boardmanager/
2023-04-27 20:39:50,151 [INFO] ApiDb:261 - Set plugin images path to: C:\apps\STM32CubeIDE_1.12.1\STM32CubeIDE\plugins\com.st.stm32cube.common.mx_6.8.1.202304191431\\db\/plugins/mcufinder/images/
2023-04-27 20:39:50,151 [WARN] DbFile:41 - Overriding database path with different value: C:\Users\Kana\.stmcufinder\plugins\mcufinder/ => C:\Users\Kana\.stmcufinder\plugins\mcufinder
2023-04-27 20:39:50,151 [INFO] ApiDb:250 - Set database path to: C:\Users\Kana\.stmcufinder\plugins\mcufinder//mcu/
2023-04-27 20:39:50,151 [WARN] DbFile:41 - Overriding database path with different value: C:\Users\Kana\.stmcufinder\plugins\mcufinder/ => C:\Users\Kana\.stmcufinder\plugins\mcufinder
2023-04-27 20:39:50,151 [INFO] DbMcusAds:125 - Set database path to: C:\Users\Kana\.stmcufinder\plugins\mcufinder//mcu/
2023-04-27 20:39:50,151 [WARN] DbFile:41 - Overriding database path with different value: C:\Users\Kana\.stmcufinder\plugins\mcufinder/ => C:\Users\Kana\.stmcufinder\plugins\mcufinder
2023-04-27 20:39:50,151 [WARN] DbFile:41 - Overriding database path with different value: C:\Users\Kana\.stmcufinder\plugins\mcufinder/ => C:\Users\Kana\.stmcufinder\plugins\mcufinder
2023-04-27 20:39:50,151 [INFO] CrossReferenceDbSqlite:203 - Set database path to: C:\Users\Kana\.stmcufinder\plugins\mcufinder//mcu/cs/
2023-04-27 20:39:50,192 [INFO] MainPanel:253 - HeapMemory: 377487360
2023-04-27 20:39:50,244 [INFO] DbMcusXml:78 - Set database path to: C:\apps\STM32CubeIDE_1.12.1\STM32CubeIDE\plugins\com.st.stm32cube.common.mx_6.8.1.202304191431\\db\/mcu/
2023-04-27 20:39:50,244 [INFO] ApiDb:274 - Set plugin database path to: C:\apps\STM32CubeIDE_1.12.1\STM32CubeIDE\plugins\com.st.stm32cube.common.mx_6.8.1.202304191431\\db\/plugins/boardmanager/
2023-04-27 20:39:50,244 [INFO] ApiDb:261 - Set plugin images path to: C:\apps\STM32CubeIDE_1.12.1\STM32CubeIDE\plugins\com.st.stm32cube.common.mx_6.8.1.202304191431\\db\/plugins/mcufinder/images/
2023-04-27 20:39:50,244 [WARN] DbFile:41 - Overriding database path with different value: C:\Users\Kana\.stmcufinder\plugins\mcufinder/ => C:\Users\Kana\.stmcufinder\plugins\mcufinder
2023-04-27 20:39:50,244 [INFO] ApiDb:250 - Set database path to: C:\Users\Kana\.stmcufinder\plugins\mcufinder//mcu/
2023-04-27 20:39:50,244 [WARN] DbFile:41 - Overriding database path with different value: C:\Users\Kana\.stmcufinder\plugins\mcufinder/ => C:\Users\Kana\.stmcufinder\plugins\mcufinder
2023-04-27 20:39:50,244 [INFO] DbMcusAds:125 - Set database path to: C:\Users\Kana\.stmcufinder\plugins\mcufinder//mcu/
2023-04-27 20:39:50,244 [WARN] DbFile:41 - Overriding database path with different value: C:\Users\Kana\.stmcufinder\plugins\mcufinder/ => C:\Users\Kana\.stmcufinder\plugins\mcufinder
2023-04-27 20:39:50,244 [WARN] DbFile:41 - Overriding database path with different value: C:\Users\Kana\.stmcufinder\plugins\mcufinder/ => C:\Users\Kana\.stmcufinder\plugins\mcufinder
2023-04-27 20:39:50,245 [INFO] CrossReferenceDbSqlite:203 - Set database path to: C:\Users\Kana\.stmcufinder\plugins\mcufinder//mcu/cs/
2023-04-27 20:39:50,255 [INFO] ApplicationProperties:184 - Using Application install path: C:\apps\STM32CubeIDE_1.12.1\STM32CubeIDE\plugins\com.st.stm32cube.common.mx_6.8.1.202304191431
2023-04-27 20:39:50,257 [INFO] PluginManage:196 - Search for loadable plugins [exclusion list=, ]
2023-04-27 20:39:50,257 [INFO] PluginManage:310 - Check plugin analytics
2023-04-27 20:39:50,343 [INFO] AnalyticsPlugin:253 - Accepted Software Licenses: 
2023-04-27 20:39:50,343 [INFO] AnalyticsPlugin:255 - Accepted CMSIS Pack Licenses: 
2023-04-27 20:39:50,343 [INFO] AnalyticsPlugin:257 - Accepted Firmware Licenses: 
2023-04-27 20:39:50,348 [INFO] PluginManage:359 - Loaded plugin analytics (category:tool,tabindex:-1)
2023-04-27 20:39:50,348 [INFO] PluginManage:310 - Check plugin cadmodel
2023-04-27 20:39:50,356 [INFO] CADModel:105 - Init CAD model plugin
2023-04-27 20:39:50,357 [INFO] PluginManage:359 - Loaded plugin cadmodel (category:power,tabindex:5)
2023-04-27 20:39:50,357 [INFO] PluginManage:310 - Check plugin clock
2023-04-27 20:39:50,368 [INFO] PluginManage:359 - Loaded plugin clock (category:base,tabindex:2)
2023-04-27 20:39:50,369 [INFO] PluginManage:310 - Check plugin ddr
2023-04-27 20:39:50,370 [INFO] PluginManage:359 - Loaded plugin ddr (category:tool,tabindex:6)
2023-04-27 20:39:50,370 [INFO] PluginManage:310 - Check plugin filemanager
2023-04-27 20:39:50,459 [INFO] PluginManage:359 - Loaded plugin filemanager (category:base,tabindex:10)
2023-04-27 20:39:50,460 [INFO] PluginManage:310 - Check plugin ipmanager
2023-04-27 20:39:50,466 [INFO] PluginManage:359 - Loaded plugin ipmanager (category:base,tabindex:5)
2023-04-27 20:39:50,466 [INFO] PluginManage:310 - Check plugin lpbam
2023-04-27 20:39:50,477 [INFO] PluginManage:359 - Loaded plugin lpbam (category:base,tabindex:0)
2023-04-27 20:39:50,477 [INFO] PluginManage:310 - Check plugin pinoutandconfiguration
2023-04-27 20:39:50,487 [INFO] PluginManage:359 - Loaded plugin pinoutandconfiguration (category:base,tabindex:1)
2023-04-27 20:39:50,487 [INFO] PluginManage:310 - Check plugin pinoutconfig
2023-04-27 20:39:50,531 [WARN] SupportedApi:132 - Cannot load RTOS API schema: s4s-elt-must-match.1: The content of 'definitions' must match (annotation?, (simpleType | complexType)?, (unique | key | keyref)*)). A problem was found starting at: attribute.
2023-04-27 20:39:50,608 [INFO] PluginManage:359 - Loaded plugin pinoutconfig (category:base,tabindex:0)
2023-04-27 20:39:50,608 [INFO] PluginManage:310 - Check plugin power
2023-04-27 20:39:50,619 [INFO] PluginManage:359 - Loaded plugin power (category:power,tabindex:4)
2023-04-27 20:39:50,619 [INFO] PluginManage:310 - Check plugin projectmanager
2023-04-27 20:39:50,627 [INFO] PluginManage:359 - Loaded plugin projectmanager (category:projectmanager,tabindex:3)
2023-04-27 20:39:50,627 [INFO] PluginManage:310 - Check plugin thirdparty
2023-04-27 20:39:50,751 [INFO] PluginManage:359 - Loaded plugin thirdparty (category:base,tabindex:-1)
2023-04-27 20:39:50,751 [WARN] IntegrityCheckThread:84 - waiting for thirdparty lock release [integrity check]
2023-04-27 20:39:50,751 [INFO] PluginManage:310 - Check plugin tools
2023-04-27 20:39:50,751 [INFO] IntegrityCheckThread:86 - entering critical section [integrity check]
2023-04-27 20:39:50,752 [INFO] ThirdPartyUpdaterWithRetryManager:70 - Updater plugin not ready yet. [1/15]
2023-04-27 20:39:50,767 [INFO] PluginManage:359 - Loaded plugin tools (category:base,tabindex:7)
2023-04-27 20:39:50,767 [INFO] PluginManage:310 - Check plugin tutovideos
2023-04-27 20:39:50,883 [INFO] PluginManage:359 - Loaded plugin tutovideos (category:base,tabindex:-1)
2023-04-27 20:39:50,883 [INFO] PluginManage:310 - Check plugin updater
2023-04-27 20:39:50,891 [INFO] PluginManage:359 - Loaded plugin updater (category:base,tabindex:12)
2023-04-27 20:39:50,891 [INFO] PluginManage:283 - PluginManage : Loaded plugins [15]
2023-04-27 20:39:51,044 [INFO] PinOutPanel:1499 - setPackage(No Configuration,No Configuration)
2023-04-27 20:39:51,090 [INFO] CADModel:165 - CPN selected for project level
2023-04-27 20:39:51,090 [INFO] CADModel:114 - Register for checkConnection events
2023-04-27 20:39:51,109 [INFO] IPUIPlugin:80 - create IPUIPlugin
2023-04-27 20:39:51,109 [INFO] PluginManager:220 - loadIPPluginJar : add adc
2023-04-27 20:39:51,131 [INFO] IPUIPlugin:80 - create IPUIPlugin
2023-04-27 20:39:51,131 [INFO] PluginManager:220 - loadIPPluginJar : add aes
2023-04-27 20:39:51,158 [INFO] IPUIPlugin:80 - create IPUIPlugin
2023-04-27 20:39:51,158 [INFO] PluginManager:220 - loadIPPluginJar : add can
2023-04-27 20:39:51,171 [INFO] IPUIPlugin:80 - create IPUIPlugin
2023-04-27 20:39:51,171 [INFO] PluginManager:220 - loadIPPluginJar : add comp
2023-04-27 20:39:51,189 [INFO] IPUIPlugin:80 - create IPUIPlugin
2023-04-27 20:39:51,189 [INFO] PluginManager:220 - loadIPPluginJar : add cryp
2023-04-27 20:39:51,205 [INFO] IPUIPlugin:80 - create IPUIPlugin
2023-04-27 20:39:51,205 [INFO] PluginManager:220 - loadIPPluginJar : add dfsdm
2023-04-27 20:39:51,214 [INFO] IPUIPlugin:80 - create IPUIPlugin
2023-04-27 20:39:51,214 [INFO] PluginManager:220 - loadIPPluginJar : add dma
2023-04-27 20:39:51,238 [INFO] IPUIPlugin:80 - create IPUIPlugin
2023-04-27 20:39:51,238 [INFO] PluginManager:220 - loadIPPluginJar : add dma3
2023-04-27 20:39:51,249 [INFO] IPUIPlugin:80 - create IPUIPlugin
2023-04-27 20:39:51,249 [INFO] PluginManager:220 - loadIPPluginJar : add fatfs
2023-04-27 20:39:51,275 [INFO] IPUIPlugin:80 - create IPUIPlugin
2023-04-27 20:39:51,275 [INFO] PluginManager:220 - loadIPPluginJar : add fmc
2023-04-27 20:39:51,283 [INFO] IPUIPlugin:80 - create IPUIPlugin
2023-04-27 20:39:51,284 [INFO] PluginManager:220 - loadIPPluginJar : add freertos
2023-04-27 20:39:51,294 [INFO] IPUIPlugin:80 - create IPUIPlugin
2023-04-27 20:39:51,294 [INFO] PluginManager:220 - loadIPPluginJar : add genericplugin
2023-04-27 20:39:51,340 [INFO] IPUIPlugin:80 - create IPUIPlugin
2023-04-27 20:39:51,340 [INFO] PluginManager:220 - loadIPPluginJar : add gfxmmu
2023-04-27 20:39:51,406 [INFO] IPUIPlugin:80 - create IPUIPlugin
2023-04-27 20:39:51,406 [INFO] PluginManager:220 - loadIPPluginJar : add gic
2023-04-27 20:39:51,413 [INFO] IPUIPlugin:80 - create IPUIPlugin
2023-04-27 20:39:51,413 [INFO] PluginManager:220 - loadIPPluginJar : add gpio
2023-04-27 20:39:51,460 [INFO] IPUIPlugin:80 - create IPUIPlugin
2023-04-27 20:39:51,460 [INFO] PluginManager:220 - loadIPPluginJar : add gtzc
2023-04-27 20:39:51,476 [INFO] IPUIPlugin:80 - create IPUIPlugin
2023-04-27 20:39:51,476 [INFO] PluginManager:220 - loadIPPluginJar : add hash
2023-04-27 20:39:51,500 [INFO] IPUIPlugin:80 - create IPUIPlugin
2023-04-27 20:39:51,500 [INFO] PluginManager:220 - loadIPPluginJar : add i2c
2023-04-27 20:39:51,519 [INFO] IPUIPlugin:80 - create IPUIPlugin
2023-04-27 20:39:51,519 [INFO] PluginManager:220 - loadIPPluginJar : add i2s
2023-04-27 20:39:51,539 [INFO] IPUIPlugin:80 - create IPUIPlugin
2023-04-27 20:39:51,539 [INFO] PluginManager:220 - loadIPPluginJar : add i3c
2023-04-27 20:39:51,590 [INFO] IPUIPlugin:80 - create IPUIPlugin
2023-04-27 20:39:51,590 [INFO] PluginManager:220 - loadIPPluginJar : add ipddr
2023-04-27 20:39:51,635 [INFO] IPUIPlugin:80 - create IPUIPlugin
2023-04-27 20:39:51,635 [INFO] PluginManager:220 - loadIPPluginJar : add linkedlist
2023-04-27 20:39:51,652 [INFO] IPUIPlugin:80 - create IPUIPlugin
2023-04-27 20:39:51,652 [INFO] PluginManager:220 - loadIPPluginJar : add lorawan
2023-04-27 20:39:51,669 [INFO] IPUIPlugin:80 - create IPUIPlugin
2023-04-27 20:39:51,669 [INFO] PluginManager:220 - loadIPPluginJar : add ltdc
2023-04-27 20:39:51,677 [INFO] IPUIPlugin:80 - create IPUIPlugin
2023-04-27 20:39:51,677 [INFO] PluginManager:220 - loadIPPluginJar : add mdma
2023-04-27 20:39:51,683 [INFO] IPUIPlugin:80 - create IPUIPlugin
2023-04-27 20:39:51,683 [INFO] PluginManager:220 - loadIPPluginJar : add nvic
2023-04-27 20:39:51,702 [INFO] IPUIPlugin:80 - create IPUIPlugin
2023-04-27 20:39:51,702 [INFO] PluginManager:220 - loadIPPluginJar : add opamp
2023-04-27 20:39:51,732 [INFO] IPUIPlugin:80 - create IPUIPlugin
2023-04-27 20:39:51,733 [INFO] PluginManager:220 - loadIPPluginJar : add openamp
2023-04-27 20:39:51,755 [INFO] IPUIPlugin:80 - create IPUIPlugin
2023-04-27 20:39:51,755 [INFO] PluginManager:220 - loadIPPluginJar : add pdm2pcm
2023-04-27 20:39:51,764 [INFO] IPUIPlugin:80 - create IPUIPlugin
2023-04-27 20:39:51,765 [INFO] PluginManager:220 - loadIPPluginJar : add plateformsettings
2023-04-27 20:39:51,777 [INFO] IPUIPlugin:80 - create IPUIPlugin
2023-04-27 20:39:51,777 [INFO] PluginManager:220 - loadIPPluginJar : add quadspi
2023-04-27 20:39:51,784 [INFO] IPUIPlugin:80 - create IPUIPlugin
2023-04-27 20:39:51,784 [INFO] PluginManager:220 - loadIPPluginJar : add resmgrutility
2023-04-27 20:39:51,810 [INFO] IPUIPlugin:80 - create IPUIPlugin
2023-04-27 20:39:51,810 [INFO] PluginManager:220 - loadIPPluginJar : add sai
2023-04-27 20:39:51,829 [INFO] IPUIPlugin:80 - create IPUIPlugin
2023-04-27 20:39:51,829 [INFO] PluginManager:220 - loadIPPluginJar : add spi
2023-04-27 20:39:51,857 [INFO] IPUIPlugin:80 - create IPUIPlugin
2023-04-27 20:39:51,857 [INFO] PluginManager:220 - loadIPPluginJar : add stm32_wpan
2023-04-27 20:39:51,868 [INFO] IPUIPlugin:80 - create IPUIPlugin
2023-04-27 20:39:51,869 [INFO] PluginManager:220 - loadIPPluginJar : add tim
2023-04-27 20:39:51,895 [INFO] IPUIPlugin:80 - create IPUIPlugin
2023-04-27 20:39:51,895 [INFO] PluginManager:220 - loadIPPluginJar : add touchsensing
2023-04-27 20:39:51,906 [INFO] IPUIPlugin:80 - create IPUIPlugin
2023-04-27 20:39:51,906 [INFO] PluginManager:220 - loadIPPluginJar : add tracer_emb
2023-04-27 20:39:51,917 [INFO] IPUIPlugin:80 - create IPUIPlugin
2023-04-27 20:39:51,917 [INFO] PluginManager:220 - loadIPPluginJar : add ts
2023-04-27 20:39:51,927 [INFO] IPUIPlugin:80 - create IPUIPlugin
2023-04-27 20:39:51,927 [INFO] PluginManager:220 - loadIPPluginJar : add tsc
2023-04-27 20:39:51,937 [INFO] IPUIPlugin:80 - create IPUIPlugin
2023-04-27 20:39:51,937 [INFO] PluginManager:220 - loadIPPluginJar : add ucpd
2023-04-27 20:39:51,958 [INFO] IPUIPlugin:80 - create IPUIPlugin
2023-04-27 20:39:51,958 [INFO] PluginManager:220 - loadIPPluginJar : add usart
2023-04-27 20:39:51,978 [INFO] IPUIPlugin:80 - create IPUIPlugin
2023-04-27 20:39:51,979 [INFO] PluginManager:220 - loadIPPluginJar : add usbx
2023-04-27 20:39:52,084 [INFO] CADModel:165 - CPN selected for project level
2023-04-27 20:39:52,084 [INFO] CADModel:114 - Register for checkConnection events
2023-04-27 20:39:52,085 [FATAL] Updater:308 - Updater called before beeing initialized
2023-04-27 20:39:52,085 [ERROR] CADModel:125 - Updater not yet initialized, retry later 
2023-04-27 20:39:52,162 [INFO] CADModel:165 - CPN selected for project level
2023-04-27 20:39:52,162 [INFO] CADModel:114 - Register for checkConnection events
2023-04-27 20:39:52,162 [FATAL] Updater:308 - Updater called before beeing initialized
2023-04-27 20:39:52,162 [ERROR] CADModel:125 - Updater not yet initialized, retry later 
2023-04-27 20:39:52,164 [FATAL] Updater:308 - Updater called before beeing initialized
2023-04-27 20:39:52,217 [FATAL] Updater:308 - Updater called before beeing initialized
2023-04-27 20:39:52,222 [INFO] DbMcusAds:53 - JSON generation date=Thu Sep 30 09:55:09 EEST 2021 (1632984909247)
2023-04-27 20:39:52,222 [FATAL] Updater:308 - Updater called before beeing initialized
2023-04-27 20:39:52,262 [WARN] DetailPanel:346 - Failed to get advertising image, set to default
2023-04-27 20:39:52,331 [FATAL] Updater:308 - Updater called before beeing initialized
2023-04-27 20:39:52,333 [FATAL] Updater:308 - Updater called before beeing initialized
2023-04-27 20:39:52,333 [FATAL] Updater:308 - Updater called before beeing initialized
2023-04-27 20:39:52,333 [WARN] DetailPanel:346 - Failed to get advertising image, set to default
2023-04-27 20:39:52,333 [FATAL] Updater:308 - Updater called before beeing initialized
2023-04-27 20:39:52,371 [ERROR] Updater:1120 - MainUpdater not yet initialized. External WinMGr cannot be set.
2023-04-27 20:39:52,377 [INFO] Updater:1056 - Updater Version found : 6.8.1
2023-04-27 20:39:52,392 [INFO] ApplicationProperties:184 - Using Application install path: C:\apps\STM32CubeIDE_1.12.1\STM32CubeIDE\plugins\com.st.stm32cube.common.mx_6.8.1.202304191431
2023-04-27 20:39:52,427 [INFO] MainUpdater:519 - Copy updater definitions from MX database
2023-04-27 20:39:52,451 [INFO] MainUpdater:552 - Copy flag file definitions from MX database
2023-04-27 20:39:52,456 [INFO] MainUpdater:568 - Copy thirdparty index definitions from MX database
2023-04-27 20:39:52,464 [INFO] MainUpdater:587 - Copy default thirdparty db definitions from MX database
2023-04-27 20:39:52,594 [INFO] MainUpdater:2854 - connection check result : 10
2023-04-27 20:39:52,594 [INFO] MainUpdater:3548 - Updater definition file requires update
2023-04-27 20:39:52,596 [INFO] MainUpdater:283 - Updater Check For Update Now.
2023-04-27 20:39:52,597 [INFO] MicroXplorer:498 - Change Database Version : DB.6.0.81
2023-04-27 20:39:52,653 [INFO] ServerAccessManage:473 - Download File updaters.zip
2023-04-27 20:39:52,752 [INFO] FileExtend:240 - Unzip File : updaters.zip
2023-04-27 20:39:52,753 [INFO] FileExtend:255 - Standard Zip Deflate
2023-04-27 20:39:53,013 [INFO] ServerAccessManage:473 - Download File PacksControlFlags.xml
2023-04-27 20:39:53,074 [INFO] ServerAccessManage:473 - Download File cubemx.pidx
2023-04-27 20:39:53,177 [INFO] ServerAccessManage:473 - Download File STMicroelectronics.FP-ATR-ASTRA1.pdsc
2023-04-27 20:39:53,335 [INFO] ServerAccessManage:473 - Download File STMicroelectronics.FP-ATR-SIGFOX1.pdsc
2023-04-27 20:39:53,425 [INFO] ServerAccessManage:473 - Download File STMicroelectronics.X-CUBE-AI.pdsc
2023-04-27 20:39:53,762 [WARN] MainUpdater:1187 - Updater busy. Cannot search thirdparties
2023-04-27 20:39:53,763 [INFO] ThirdPartyUpdaterWithRetryManager:96 - Updater plugin is busy. [1/15]
2023-04-27 20:39:53,959 [INFO] ServerAccessManage:473 - Download File STMicroelectronics.X-CUBE-ALS.pdsc
2023-04-27 20:39:54,090 [INFO] ServerAccessManage:473 - Download File STMicroelectronics.X-CUBE-BLE1.pdsc
2023-04-27 20:39:54,662 [ERROR] ServerAccessManage:1089 - Problem, file not found on Server
2023-04-27 20:39:54,701 [INFO] ServerAccessManage:473 - Download File STMicroelectronics.X-CUBE-BLE2.pdsc
2023-04-27 20:39:55,061 [INFO] ServerAccessManage:473 - Download File STMicroelectronics.X-CUBE-BLEMGR.pdsc
2023-04-27 20:39:55,337 [INFO] ServerAccessManage:473 - Download File STMicroelectronics.X-CUBE-DISPLAY.pdsc
2023-04-27 20:39:55,656 [INFO] ServerAccessManage:473 - Download File STMicroelectronics.X-CUBE-EEPRMA1.pdsc
2023-04-27 20:39:55,813 [ERROR] ServerAccessManage:1089 - Problem, file not found on Server
2023-04-27 20:39:55,957 [INFO] ServerAccessManage:473 - Download File STMicroelectronics.X-CUBE-FREERTOS.pdsc
2023-04-27 20:39:56,078 [INFO] ServerAccessManage:473 - Download File STMicroelectronics.X-CUBE-GNSS1.pdsc
2023-04-27 20:39:56,495 [ERROR] ServerAccessManage:1089 - Problem, file not found on Server
2023-04-27 20:39:56,592 [ERROR] ServerAccessManage:1089 - Problem, file not found on Server
2023-04-27 20:39:56,706 [ERROR] ServerAccessManage:1089 - Problem, file not found on Server
2023-04-27 20:39:56,769 [WARN] MainUpdater:1187 - Updater busy. Cannot search thirdparties
2023-04-27 20:39:56,770 [INFO] ThirdPartyUpdaterWithRetryManager:96 - Updater plugin is busy. [2/15]
2023-04-27 20:39:56,824 [ERROR] ServerAccessManage:1089 - Problem, file not found on Server
2023-04-27 20:39:56,946 [ERROR] ServerAccessManage:1089 - Problem, file not found on Server
2023-04-27 20:39:57,045 [ERROR] ServerAccessManage:1089 - Problem, file not found on Server
2023-04-27 20:39:57,083 [INFO] ServerAccessManage:473 - Download File STMicroelectronics.X-CUBE-ISPU.pdsc
2023-04-27 20:39:57,221 [INFO] ServerAccessManage:473 - Download File STMicroelectronics.X-CUBE-MEMS1.pdsc
2023-04-27 20:39:58,143 [INFO] ServerAccessManage:473 - Download File STMicroelectronics.X-CUBE-NFC4.pdsc
2023-04-27 20:39:58,919 [INFO] ServerAccessManage:473 - Download File STMicroelectronics.X-CUBE-NFC7.pdsc
2023-04-27 20:39:59,025 [INFO] ServerAccessManage:473 - Download File STMicroelectronics.X-CUBE-SFXS2LP1.pdsc
2023-04-27 20:39:59,248 [INFO] ServerAccessManage:473 - Download File STMicroelectronics.X-CUBE-SUBG2.pdsc
2023-04-27 20:39:59,657 [INFO] ServerAccessManage:473 - Download File STMicroelectronics.X-CUBE-SMBUS.pdsc
2023-04-27 20:39:59,771 [WARN] MainUpdater:1187 - Updater busy. Cannot search thirdparties
2023-04-27 20:39:59,771 [INFO] ThirdPartyUpdaterWithRetryManager:96 - Updater plugin is busy. [3/15]
2023-04-27 20:39:59,836 [ERROR] ServerAccessManage:1089 - Problem, file not found on Server
2023-04-27 20:39:59,871 [INFO] ServerAccessManage:473 - Download File STMicroelectronics.X-CUBE-TOF1.pdsc
2023-04-27 20:40:00,233 [ERROR] ServerAccessManage:1089 - Problem, file not found on Server
2023-04-27 20:40:00,305 [INFO] ServerAccessManage:473 - Download File STMicroelectronics.X-CUBE-TOUCHGFX.pdsc
2023-04-27 20:40:01,229 [INFO] ServerAccessManage:473 - Download File STMicroelectronics.X-CUBE-ALGOBUILD.pdsc
2023-04-27 20:40:01,481 [INFO] ServerAccessManage:473 - Download File STMicroelectronics.X-CUBE-AZRTOS-H7.pdsc
2023-04-27 20:40:01,822 [INFO] ServerAccessManage:473 - Download File STMicroelectronics.X-CUBE-AZRTOS-F4.pdsc
2023-04-27 20:40:02,015 [INFO] ServerAccessManage:473 - Download File STMicroelectronics.X-CUBE-AZRTOS-F7.pdsc
2023-04-27 20:40:02,220 [INFO] ServerAccessManage:473 - Download File STMicroelectronics.X-CUBE-AZRTOS-L4.pdsc
2023-04-27 20:40:02,435 [INFO] ServerAccessManage:473 - Download File STMicroelectronics.X-CUBE-AZRTOS-L5.pdsc
2023-04-27 20:40:02,630 [INFO] ServerAccessManage:473 - Download File STMicroelectronics.X-CUBE-AZRTOS-G0.pdsc
2023-04-27 20:40:02,774 [WARN] MainUpdater:1187 - Updater busy. Cannot search thirdparties
2023-04-27 20:40:02,775 [INFO] ThirdPartyUpdaterWithRetryManager:96 - Updater plugin is busy. [4/15]
2023-04-27 20:40:02,806 [INFO] ServerAccessManage:473 - Download File STMicroelectronics.X-CUBE-AZRTOS-G4.pdsc
2023-04-27 20:40:03,009 [INFO] ServerAccessManage:473 - Download File STMicroelectronics.X-CUBE-AZRTOS-WB.pdsc
2023-04-27 20:40:03,179 [INFO] ServerAccessManage:473 - Download File STMicroelectronics.X-CUBE-AZRTOS-WL.pdsc
2023-04-27 20:40:03,810 [INFO] ServerAccessManage:473 - Download File wolfSSL.I-CUBE-wolfSSL.pdsc
2023-04-27 20:40:05,778 [WARN] MainUpdater:1187 - Updater busy. Cannot search thirdparties
2023-04-27 20:40:05,779 [INFO] ThirdPartyUpdaterWithRetryManager:96 - Updater plugin is busy. [5/15]
2023-04-27 20:40:06,991 [ERROR] ServerAccessManage:1089 - Problem, file not found on Server
2023-04-27 20:40:07,435 [ERROR] ServerAccessManage:1089 - Problem, file not found on Server
2023-04-27 20:40:07,861 [ERROR] ServerAccessManage:1089 - Problem, file not found on Server
2023-04-27 20:40:08,640 [ERROR] ServerAccessManage:1096 - Problem, Http access forbiden
2023-04-27 20:40:08,641 [ERROR] ServerAccessManage:651 - Problem, Http access forbiden : RoweBots.I-CUBE-UNISONRTOS.pdsc.
2023-04-27 20:40:08,787 [WARN] MainUpdater:1187 - Updater busy. Cannot search thirdparties
2023-04-27 20:40:08,787 [INFO] ThirdPartyUpdaterWithRetryManager:96 - Updater plugin is busy. [6/15]
2023-04-27 20:40:08,828 [INFO] ServerAccessManage:473 - Download File SEGGER.I-CUBE-embOS.pdsc
2023-04-27 20:40:09,292 [INFO] ServerAccessManage:473 - Download File portGmbH.I-Cube-SoM-uGOAL.pdsc
2023-04-27 20:40:09,637 [ERROR] ServerAccessManage:1089 - Problem, file not found on Server
2023-04-27 20:40:09,670 [ERROR] ServerAccessManage:1089 - Problem, file not found on Server
2023-04-27 20:40:09,705 [ERROR] ServerAccessManage:1089 - Problem, file not found on Server
2023-04-27 20:40:09,951 [INFO] ServerAccessManage:473 - Download File emotas.I-CUBE-CANOPEN.pdsc
2023-04-27 20:40:10,882 [INFO] ServerAccessManage:473 - Download File WES.I-CUBE-Cesium.pdsc
2023-04-27 20:40:11,796 [WARN] MainUpdater:1187 - Updater busy. Cannot search thirdparties
2023-04-27 20:40:11,796 [INFO] ThirdPartyUpdaterWithRetryManager:96 - Updater plugin is busy. [7/15]
2023-04-27 20:40:12,907 [ERROR] ServerAccessManage:1089 - Problem, file not found on Server
2023-04-27 20:40:13,069 [INFO] MainUpdater:2854 - connection check result : 10
2023-04-27 20:40:13,626 [ERROR] ServerAccessManage:1089 - Problem, file not found on Server
2023-04-27 20:40:13,662 [WARN] CheckServerUpdateThread:151 - Open CheckUpdateFile Fail
2023-04-27 20:40:13,671 [WARN] PackLoader:240 - Cannot read IP mode file for STMicroelectronics.FP-ATR-ASTRA1.2.0.0
2023-04-27 20:40:13,675 [WARN] PackLoader:240 - Cannot read IP mode file for STMicroelectronics.FP-ATR-SIGFOX1.3.2.0
2023-04-27 20:40:13,679 [WARN] PackLoader:240 - Cannot read IP mode file for STMicroelectronics.X-CUBE-AI.8.0.0
2023-04-27 20:40:13,682 [WARN] PackLoader:240 - Cannot read IP mode file for STMicroelectronics.X-CUBE-ALS.1.0.1
2023-04-27 20:40:13,687 [WARN] PackLoader:240 - Cannot read IP mode file for STMicroelectronics.X-CUBE-BLE1.6.2.4
2023-04-27 20:40:13,691 [WARN] PackLoader:240 - Cannot read IP mode file for STMicroelectronics.X-CUBE-BLE2.3.3.0
2023-04-27 20:40:13,696 [WARN] PackLoader:240 - Cannot read IP mode file for STMicroelectronics.X-CUBE-BLEMGR.2.0.0
2023-04-27 20:40:13,705 [WARN] PackLoader:240 - Cannot read IP mode file for STMicroelectronics.X-CUBE-DISPLAY.3.0.0
2023-04-27 20:40:13,712 [WARN] PackLoader:240 - Cannot read IP mode file for STMicroelectronics.X-CUBE-EEPRMA1.4.1.0
2023-04-27 20:40:13,717 [WARN] PackLoader:240 - Cannot read IP mode file for STMicroelectronics.X-CUBE-FREERTOS.1.0.1
2023-04-27 20:40:13,720 [WARN] PackLoader:240 - Cannot read IP mode file for STMicroelectronics.X-CUBE-GNSS1.6.0.0
2023-04-27 20:40:13,723 [WARN] PackLoader:240 - Cannot read IP mode file for STMicroelectronics.X-CUBE-ISPU.1.1.0
2023-04-27 20:40:13,751 [WARN] PackLoader:240 - Cannot read IP mode file for STMicroelectronics.X-CUBE-MEMS1.9.6.0
2023-04-27 20:40:13,780 [INFO] CheckServerUpdateThread:120 - End of CheckServer Thread
2023-04-27 20:40:13,838 [WARN] PackLoader:240 - Cannot read IP mode file for STMicroelectronics.X-CUBE-NFC4.3.0.0
2023-04-27 20:40:13,842 [WARN] PackLoader:240 - Cannot read IP mode file for STMicroelectronics.X-CUBE-NFC7.1.0.0
2023-04-27 20:40:13,849 [WARN] PackLoader:240 - Cannot read IP mode file for STMicroelectronics.X-CUBE-SFXS2LP1.4.0.0
2023-04-27 20:40:13,856 [WARN] PackLoader:240 - Cannot read IP mode file for STMicroelectronics.X-CUBE-SUBG2.5.0.0
2023-04-27 20:40:13,861 [WARN] PackLoader:240 - Cannot read IP mode file for STMicroelectronics.X-CUBE-SMBUS.2.1.0
2023-04-27 20:40:13,868 [WARN] PackLoader:240 - Cannot read IP mode file for STMicroelectronics.X-CUBE-TOF1.3.3.0
2023-04-27 20:40:13,875 [WARN] PackLoader:240 - Cannot read IP mode file for STMicroelectronics.X-CUBE-TOUCHGFX.4.21.3
2023-04-27 20:40:13,879 [WARN] PackLoader:240 - Cannot read IP mode file for STMicroelectronics.X-CUBE-ALGOBUILD.1.3.0
2023-04-27 20:40:13,887 [WARN] ConditionMgr:438 - getConditionDescription Invalid condition id : UX DEVICE CLASS RTOS Condition cause : null
2023-04-27 20:40:13,888 [WARN] ConditionMgr:438 - getConditionDescription Invalid condition id : UX DEVICE CLASS RTOS Condition cause : null
2023-04-27 20:40:13,890 [WARN] PackLoader:240 - Cannot read IP mode file for STMicroelectronics.X-CUBE-AZRTOS-H7.3.1.0
2023-04-27 20:40:13,891 [WARN] ConditionMgr:1039 - genDependencies : Invalid condition id : UX DEVICE CLASS RTOS Condition cause : null
2023-04-27 20:40:13,891 [WARN] ConditionMgr:1039 - genDependencies : Invalid condition id : UX DEVICE CLASS RTOS Condition cause : null
2023-04-27 20:40:13,892 [WARN] ConditionMgr:1039 - genDependencies : Invalid condition id : UX DEVICE CLASS RTOS Condition cause : null
2023-04-27 20:40:13,892 [WARN] ConditionMgr:1039 - genDependencies : Invalid condition id : UX DEVICE CLASS RTOS Condition cause : null
2023-04-27 20:40:13,892 [WARN] ConditionMgr:1039 - genDependencies : Invalid condition id : UX DEVICE CLASS RTOS Condition cause : null
2023-04-27 20:40:13,905 [WARN] PackLoader:240 - Cannot read IP mode file for STMicroelectronics.X-CUBE-AZRTOS-F4.1.1.0
2023-04-27 20:40:13,905 [INFO] McuFinderGlobals:66 - Set McuFinderConnectedMode to true
2023-04-27 20:40:13,917 [WARN] PackLoader:240 - Cannot read IP mode file for STMicroelectronics.X-CUBE-AZRTOS-F7.1.1.0
2023-04-27 20:40:13,940 [WARN] PackLoader:240 - Cannot read IP mode file for STMicroelectronics.X-CUBE-AZRTOS-L4.1.0.0
2023-04-27 20:40:13,953 [WARN] PackLoader:240 - Cannot read IP mode file for STMicroelectronics.X-CUBE-AZRTOS-L5.1.1.0
2023-04-27 20:40:13,963 [WARN] PackLoader:240 - Cannot read IP mode file for STMicroelectronics.X-CUBE-AZRTOS-G0.1.1.0
2023-04-27 20:40:13,974 [WARN] PackLoader:240 - Cannot read IP mode file for STMicroelectronics.X-CUBE-AZRTOS-G4.2.0.0
2023-04-27 20:40:13,984 [WARN] PackLoader:240 - Cannot read IP mode file for STMicroelectronics.X-CUBE-AZRTOS-WB.1.1.0
2023-04-27 20:40:13,994 [WARN] PackLoader:240 - Cannot read IP mode file for STMicroelectronics.X-CUBE-AZRTOS-WL.1.0.0
2023-04-27 20:40:13,996 [WARN] PackLoader:240 - Cannot read IP mode file for wolfSSL.I-CUBE-wolfSSL.5.6.0
2023-04-27 20:40:14,016 [WARN] PackLoader:240 - Cannot read IP mode file for SEGGER.I-CUBE-embOS.1.3.1
2023-04-27 20:40:14,045 [WARN] PackLoader:240 - Cannot read IP mode file for portGmbH.I-Cube-SoM-uGOAL.1.1.0
2023-04-27 20:40:14,050 [WARN] PackLoader:240 - Cannot read IP mode file for emotas.I-CUBE-CANOPEN.1.1.3
2023-04-27 20:40:14,053 [WARN] PackLoader:240 - Cannot read IP mode file for WES.I-CUBE-Cesium.1.3.0
2023-04-27 20:40:14,054 [INFO] PopulateThirdPartyThread:66 - Ending populate Thread
2023-04-27 20:40:14,056 [INFO] ThirdParty:1030 - CMSIS Pack Vendor :STMicroelectronics X-CUBE-ISPU 1.1.0
2023-04-27 20:40:14,056 [INFO] ThirdParty:1030 - CMSIS Pack Vendor :STMicroelectronics X-CUBE-DISPLAY 3.0.0
2023-04-27 20:40:14,056 [INFO] ThirdParty:1030 - CMSIS Pack Vendor :STMicroelectronics X-CUBE-GNSS1 6.0.0
2023-04-27 20:40:14,056 [INFO] ThirdParty:1030 - CMSIS Pack Vendor :STMicroelectronics X-CUBE-AZRTOS-F4 1.1.0
2023-04-27 20:40:14,056 [INFO] ThirdParty:1030 - CMSIS Pack Vendor :STMicroelectronics FP-ATR-SIGFOX1 3.2.0
2023-04-27 20:40:14,056 [INFO] ThirdParty:1030 - CMSIS Pack Vendor :STMicroelectronics X-CUBE-SMBUS 2.1.0
2023-04-27 20:40:14,056 [INFO] ThirdParty:1030 - CMSIS Pack Vendor :STMicroelectronics X-CUBE-AZRTOS-L4 1.0.0
2023-04-27 20:40:14,056 [INFO] ThirdParty:1030 - CMSIS Pack Vendor :wolfSSL I-CUBE-wolfSSL 5.6.0
2023-04-27 20:40:14,056 [INFO] ThirdParty:1030 - CMSIS Pack Vendor :STMicroelectronics X-CUBE-AI 8.0.0
2023-04-27 20:40:14,056 [INFO] ThirdParty:1030 - CMSIS Pack Vendor :STMicroelectronics X-CUBE-FREERTOS 1.0.1
2023-04-27 20:40:14,057 [INFO] ThirdParty:1030 - CMSIS Pack Vendor :STMicroelectronics X-CUBE-NFC7 1.0.0
2023-04-27 20:40:14,057 [INFO] ThirdParty:1030 - CMSIS Pack Vendor :STMicroelectronics X-CUBE-TOUCHGFX 4.21.3
2023-04-27 20:40:14,057 [INFO] ThirdParty:1030 - CMSIS Pack Vendor :STMicroelectronics X-CUBE-AZRTOS-WL 1.0.0
2023-04-27 20:40:14,057 [INFO] ThirdParty:1030 - CMSIS Pack Vendor :STMicroelectronics X-CUBE-AZRTOS-F7 1.1.0
2023-04-27 20:40:14,057 [INFO] ThirdParty:1030 - CMSIS Pack Vendor :STMicroelectronics X-CUBE-ALS 1.0.1
2023-04-27 20:40:14,057 [INFO] ThirdParty:1030 - CMSIS Pack Vendor :STMicroelectronics X-CUBE-EEPRMA1 4.1.0
2023-04-27 20:40:14,057 [INFO] ThirdParty:1030 - CMSIS Pack Vendor :portGmbH I-Cube-SoM-uGOAL 1.1.0
2023-04-27 20:40:14,057 [INFO] ThirdParty:1030 - CMSIS Pack Vendor :STMicroelectronics X-CUBE-MEMS1 9.6.0
2023-04-27 20:40:14,057 [INFO] ThirdParty:1030 - CMSIS Pack Vendor :STMicroelectronics X-CUBE-AZRTOS-WB 1.1.0
2023-04-27 20:40:14,057 [INFO] ThirdParty:1030 - CMSIS Pack Vendor :STMicroelectronics X-CUBE-ALGOBUILD 1.3.0
2023-04-27 20:40:14,057 [INFO] ThirdParty:1030 - CMSIS Pack Vendor :SEGGER I-CUBE-embOS 1.3.1
2023-04-27 20:40:14,057 [INFO] ThirdParty:1030 - CMSIS Pack Vendor :STMicroelectronics X-CUBE-BLE1 6.2.4
2023-04-27 20:40:14,057 [INFO] ThirdParty:1030 - CMSIS Pack Vendor :STMicroelectronics X-CUBE-AZRTOS-L5 1.1.0
2023-04-27 20:40:14,057 [INFO] ThirdParty:1030 - CMSIS Pack Vendor :STMicroelectronics X-CUBE-AZRTOS-G0 1.1.0
2023-04-27 20:40:14,057 [INFO] ThirdParty:1030 - CMSIS Pack Vendor :emotas I-CUBE-CANOPEN 1.1.3
2023-04-27 20:40:14,057 [INFO] ThirdParty:1030 - CMSIS Pack Vendor :STMicroelectronics X-CUBE-BLEMGR 2.0.0
2023-04-27 20:40:14,057 [INFO] ThirdParty:1030 - CMSIS Pack Vendor :STMicroelectronics X-CUBE-NFC4 3.0.0
2023-04-27 20:40:14,057 [INFO] ThirdParty:1030 - CMSIS Pack Vendor :STMicroelectronics X-CUBE-SUBG2 5.0.0
2023-04-27 20:40:14,057 [INFO] ThirdParty:1030 - CMSIS Pack Vendor :STMicroelectronics FP-ATR-ASTRA1 2.0.0
2023-04-27 20:40:14,057 [INFO] ThirdParty:1030 - CMSIS Pack Vendor :WES I-CUBE-Cesium 1.3.0
2023-04-27 20:40:14,057 [INFO] ThirdParty:1030 - CMSIS Pack Vendor :STMicroelectronics X-CUBE-SFXS2LP1 4.0.0
2023-04-27 20:40:14,057 [INFO] ThirdParty:1030 - CMSIS Pack Vendor :STMicroelectronics X-CUBE-BLE2 3.3.0
2023-04-27 20:40:14,057 [INFO] ThirdParty:1030 - CMSIS Pack Vendor :STMicroelectronics X-CUBE-AZRTOS-G4 2.0.0
2023-04-27 20:40:14,057 [INFO] ThirdParty:1030 - CMSIS Pack Vendor :STMicroelectronics X-CUBE-TOF1 3.3.0
2023-04-27 20:40:14,057 [INFO] ThirdParty:1030 - CMSIS Pack Vendor :STMicroelectronics X-CUBE-AZRTOS-H7 3.1.0
2023-04-27 20:40:14,057 [INFO] LoadServerUpdatesThread:373 - End of LoadServerUpdate Thread
2023-04-27 20:40:14,223 [INFO] ServerAccessManage:473 - Download File mcusAds.json._tmp_
2023-04-27 20:40:14,335 [INFO] LoadUrlFilesThread:156 - End of LoadUrlFiles Thread
2023-04-27 20:40:14,545 [INFO] ServerAccessManage:473 - Download File cube-finder-db.zip
2023-04-27 20:40:14,810 [WARN] MainUpdater:1187 - Updater busy. Cannot search thirdparties
2023-04-27 20:40:14,810 [INFO] ThirdPartyUpdaterWithRetryManager:96 - Updater plugin is busy. [8/15]
2023-04-27 20:40:17,817 [WARN] MainUpdater:1187 - Updater busy. Cannot search thirdparties
2023-04-27 20:40:17,817 [INFO] ThirdPartyUpdaterWithRetryManager:96 - Updater plugin is busy. [9/15]
2023-04-27 20:40:18,283 [INFO] FileExtend:240 - Unzip File : cube-finder-db.zip
2023-04-27 20:40:18,283 [INFO] FileExtend:255 - Standard Zip Deflate
2023-04-27 20:40:18,869 [INFO] LoadUrlFilesThread:156 - End of LoadUrlFiles Thread
2023-04-27 20:40:19,207 [INFO] ServerAccessManage:473 - Download File crdb.zip
2023-04-27 20:40:20,470 [INFO] FileExtend:240 - Unzip File : crdb.zip
2023-04-27 20:40:20,471 [INFO] FileExtend:255 - Standard Zip Deflate
2023-04-27 20:40:20,616 [INFO] LoadUrlFilesThread:156 - End of LoadUrlFiles Thread
2023-04-27 20:40:20,661 [INFO] ServerAccessManage:473 - Download File tutoVideoDB.zip
2023-04-27 20:40:20,736 [INFO] FileExtend:240 - Unzip File : tutoVideoDB.zip
2023-04-27 20:40:20,737 [INFO] FileExtend:255 - Standard Zip Deflate
2023-04-27 20:40:20,830 [WARN] MainUpdater:1187 - Updater busy. Cannot search thirdparties
2023-04-27 20:40:20,830 [INFO] ThirdPartyUpdaterWithRetryManager:96 - Updater plugin is busy. [10/15]
2023-04-27 20:40:20,869 [INFO] LoadUrlFilesThread:156 - End of LoadUrlFiles Thread
2023-04-27 20:40:20,872 [WARN] DbFile:41 - Overriding database path with different value: C:\Users\Kana\.stmcufinder\plugins\mcufinder/ => C:\Users\Kana\.stmcufinder\plugins\mcufinder
2023-04-27 20:40:20,923 [INFO] ServerAccessManage:473 - Download File api_config.json
2023-04-27 20:40:21,035 [INFO] LoadUrlFilesThread:156 - End of LoadUrlFiles Thread
2023-04-27 20:40:21,036 [INFO] DbMcusAds:53 - JSON generation date=Tue Mar 07 10:50:55 EET 2023 (1678179055335)
2023-04-27 20:40:21,187 [INFO] ServerAccessManage:473 - Download File 
2023-04-27 20:40:21,236 [INFO] LoadUrlFilesThread:185 - End of LoadServerUrlFiles without Thread
2023-04-27 20:40:21,237 [INFO] TargetSelectorAdapter:259 - Refresh data is successful
2023-04-27 20:40:21,295 [INFO] ApiDb:581 - Connected to CubeFinder SQLite database (C:\Users\Kana\.stmcufinder\plugins\mcufinder\mcu\cube-finder-db.db)
2023-04-27 20:40:21,329 [INFO] ApiDb:668 - CubeFinder database Data Model version=2.1
2023-04-27 20:40:21,329 [INFO] ApiDb:669 - CubeFinder database Configuration version=3.0.35
2023-04-27 20:40:21,329 [INFO] ApiDb:670 - CubeFinder database generation date=2023-04-03 (1680511692)
2023-04-27 20:40:21,330 [INFO] ApiDb:671 - CubeFinder database FW Pack versions=[FP-ATR-ASTRA1_V2.0.0, STM32Cube_FW_C0_V1.0.1, STM32Cube_FW_F0_V1.11.4, STM32Cube_FW_F3_V1.11.4, STM32Cube_FW_F4_V1.27.1, STM32Cube_FW_F7_V1.17.0, STM32Cube_FW_G0_V1.6.1, STM32Cube_FW_G4_V1.5.1, STM32Cube_FW_H5_V0.5.1, STM32Cube_FW_H5_V1.0.0, STM32Cube_FW_H7_V1.11.0, STM32Cube_FW_L0_V1.12.2, STM32Cube_FW_L5_V1.5.0, STM32Cube_FW_U5_V1.2.0, STM32Cube_FW_WBA_V1.0.0, STM32Cube_FW_WBA_V1.0.0RC1, STM32Cube_FW_WBA_V1.0.0RC3, STM32Cube_FW_WB_V1.15.0RC1, STM32Cube_FW_WB_V1.16.0, STM32Cube_FW_WB_V1.16.0RC2, STM32Cube_FW_WL_V1.3.0, X-CUBE-ALGOBUILD_V1.3.0, X-CUBE-ALS_V1.0.1, X-CUBE-AZRTOS-F4_V1.1.0, X-CUBE-AZRTOS-F7_V1.1.0, X-CUBE-AZRTOS-G0_V1.1.0, X-CUBE-AZRTOS-G4_V1.0.0, X-CUBE-AZRTOS-H7_V3.0.0, X-CUBE-AZRTOS-L4_V1.0.0, X-CUBE-AZRTOS-L5_V1.1.0, X-CUBE-AZRTOS-WB_V1.1.0, X-CUBE-AZRTOS-WL_V1.0.0, X-CUBE-BLE1_V6.2.4, X-CUBE-BLE2_V3.3.0, X-CUBE-BLEMGR_V1.3.0, X-CUBE-EEPRMA1_V4.1.0, X-CUBE-FREERTOS_V1.0.1, X-CUBE-GNSS1_V6.0.0, X-CUBE-MEMS1_V9.1.0, X-CUBE-MEMS1_V9.4.0, X-CUBE-MEMS1_V9.5.0, X-CUBE-NFC4_V3.0.0, X-CUBE-NFC7_V1.0.0, X-CUBE-SFXS2LP1_V4.0.0, X-CUBE-SUBG2_V5.0.0]
2023-04-27 20:40:22,441 [INFO] ApiDb:240 - Found 297 in-development CPN: [B-G473E-ZEST1S, B-WB1M-WPAN1, B-WL5M-SUBG1, NUCLEO-C031C6, NUCLEO-H503RB, NUCLEO-H563ZI, NUCLEO-U545RE-Q, NUCLEO-U5A5ZJ-Q, NUCLEO-WBA52CG, STEVAL-PROTEUS1, STEVAL-STWINBX1, STM320518-EVAL, STM32C0116-DK, STM32C011D6Y3TR, STM32C011D6Y6TR, STM32C011F4P3, STM32C011F4P6, STM32C011F4U3, STM32C011F4U6TR, STM32C011F6P3, STM32C011F6P6, STM32C011F6U3, STM32C011F6U6TR, STM32C011J4M3, STM32C011J4M6, STM32C011J6M3, STM32C011J6M6, STM32C0316-DK, STM32C031C4T3, STM32C031C4T6, STM32C031C4U3, STM32C031C4U6, STM32C031C6T3, STM32C031C6T6, STM32C031C6U3, STM32C031C6U6, STM32C031F4P3, STM32C031F4P6, STM32C031F6P3, STM32C031F6P6, STM32C031G4U3, STM32C031G4U6, STM32C031G6U3, STM32C031G6U6, STM32C031K4T3, STM32C031K4T6, STM32C031K4U3, STM32C031K4U6, STM32C031K6T3, STM32C031K6T6, STM32C031K6U3, STM32C031K6U6, STM32G071K8TXN, STM32G071K8UXN, STM32G081GBU6N, STM32G081KBT6N, STM32G081KBUXN, STM32G0B1CCT6N, STM32G0B1KCT6, STM32G0B1NEY6TR, STM32G0B1RCT6N, STM32G0C1CCT6, STM32G0C1CCT6N, STM32G0C1CCU6N, STM32G0C1CET6N, STM32G0C1CEU6N, STM32G0C1KCT6, STM32G0C1NEY6TR, STM32G0C1RCI6N, STM32G0C1RCT6N, STM32G0C1REI6N, STM32G0C1RET6N, STM32G0C1VCI6, STM32G0C1VEI6, STM32G471CCT6, STM32G471CCU6, STM32G471CET3, STM32G471CET6, STM32G471CEU3, STM32G471CEU6, STM32G471MCT6, STM32G471MET3, STM32G471MET6, STM32G471MEY6TR, STM32G471QCT6, STM32G471QET3, STM32G471RCT6, STM32G471RET3, STM32G471RET6, STM32G471VCH6, STM32G471VCI6, STM32G471VCT6, STM32G471VEH3, STM32G471VEH6, STM32G471VEI3, STM32G471VEI6, STM32G471VET3, STM32G471VET6, STM32G474CCT6, STM32H503CBT6, STM32H503CBU6, STM32H503EBY6TR, STM32H503KBU6, STM32H503RBT6, STM32H562AGI6, STM32H562AII6, STM32H562IGK6, STM32H562IGT6, STM32H562IIK6, STM32H562IIT6, STM32H562RGT6, STM32H562RGV6, STM32H562RIT6, STM32H562RIV6, STM32H562VGT6, STM32H562VIT6, STM32H562ZGT6, STM32H562ZIT6, STM32H563AGI6, STM32H563AII3Q, STM32H563AII6, STM32H563IGK6, STM32H563IGT6, STM32H563IIK3Q, STM32H563IIK6, STM32H563IIT3Q, STM32H563IIT6, STM32H563MIY3QTR, STM32H563RGT6, STM32H563RGV6, STM32H563RIT6, STM32H563RIV6, STM32H563VGT6, STM32H563VIT3Q, STM32H563VIT6, STM32H563ZGT6, STM32H563ZIT3Q, STM32H563ZIT6, STM32H573AII3Q, STM32H573AII6, STM32H573I-DK, STM32H573IIK3Q, STM32H573IIK6, STM32H573IIT3Q, STM32H573IIT6, STM32H573MIY3QTR, STM32H573RIT6, STM32H573RIV6, STM32H573VIT3Q, STM32H573VIT6, STM32H573ZIT3Q, STM32H573ZIT6, STM32L4R5QGI6STR, STM32MP131AAE3, STM32MP131AAF3, STM32MP131AAG3, STM32MP131CAE3, STM32MP131CAF3, STM32MP131CAG3, STM32MP131DAE7, STM32MP131DAF7, STM32MP131DAG7, STM32MP131FAE7, STM32MP131FAF7, STM32MP131FAG7, STM32MP133AAE3, STM32MP133AAF3, STM32MP133AAG3, STM32MP133CAE3, STM32MP133CAF3, STM32MP133CAG3, STM32MP133DAE7, STM32MP133DAF7, STM32MP133DAG7, STM32MP133FAE7, STM32MP133FAF7, STM32MP133FAG7, STM32MP135AAE3, STM32MP135AAF3, STM32MP135AAG3, STM32MP135CAE3, STM32MP135CAF3, STM32MP135CAG3, STM32MP135DAE7, STM32MP135DAF7, STM32MP135DAG7, STM32MP135F-DK, STM32MP135FAE7, STM32MP135FAF7, STM32MP135FAF7T, STM32MP135FAF7U, STM32MP135FAG7, STM32U535CBT6, STM32U535CBT6Q, STM32U535CBU6, STM32U535CBU6Q, STM32U535CCT6, STM32U535CCT6Q, STM32U535CCU6, STM32U535CCU6Q, STM32U535CET6, STM32U535CET6Q, STM32U535CEU6, STM32U535CEU6Q, STM32U535JEY6QTR, STM32U535NCY6QTR, STM32U535NEY6QTR, STM32U535RBI6, STM32U535RBI6Q, STM32U535RBT6, STM32U535RBT6Q, STM32U535RCI6, STM32U535RCI6Q, STM32U535RCT6, STM32U535RCT6Q, STM32U535REI6, STM32U535REI6Q, STM32U535RET6, STM32U535RET6Q, STM32U535VCI6, STM32U535VCI6Q, STM32U535VCT6, STM32U535VCT6Q, STM32U535VEI6, STM32U535VEI6Q, STM32U535VET6, STM32U535VET6Q, STM32U545CET6, STM32U545CET6Q, STM32U545CEU6, STM32U545CEU6Q, STM32U545JEY6QTR, STM32U545NEY6QTR, STM32U545REI6, STM32U545REI6Q, STM32U545RET6, STM32U545RET6Q, STM32U545VEI6, STM32U545VEI6Q, STM32U545VET6, STM32U545VET6Q, STM32U595AIH6, STM32U595AIH6Q, STM32U595AJH6, STM32U595AJH6Q, STM32U595QII6, STM32U595QII6Q, STM32U595QJI6, STM32U595QJI6Q, STM32U595RIT6, STM32U595RIT6Q, STM32U595RJT6, STM32U595RJT6Q, STM32U595VIT6, STM32U595VIT6Q, STM32U595VJT6, STM32U595VJT6Q, STM32U595ZIT6, STM32U595ZIT6Q, STM32U595ZIY6QTR, STM32U595ZJT6, STM32U595ZJT6Q, STM32U595ZJY6QTR, STM32U599BJY6QTR, STM32U599NIH6Q, STM32U599NJH6Q, STM32U599VIT6Q, STM32U599VJT6, STM32U599VJT6Q, STM32U599ZIT6Q, STM32U599ZIY6QTR, STM32U599ZJT6Q, STM32U599ZJY6QTR, STM32U5A5AJH6, STM32U5A5AJH6Q, STM32U5A5QJI6, STM32U5A5QJI6Q, STM32U5A5RJT6, STM32U5A5RJT6Q, STM32U5A5VJT6, STM32U5A5VJT6Q, STM32U5A5ZJT6, STM32U5A5ZJT6Q, STM32U5A5ZJY6QTR, STM32U5A9BJY6QTR, STM32U5A9J-DK, STM32U5A9NJH6Q, STM32U5A9VJT6Q, STM32U5A9ZJT6Q, STM32U5A9ZJY6QTR, STM32WB1MMCH6, STM32WBA52CEU6, STM32WBA52CEU6T, STM32WBA52CGU6, STM32WBA52CGU6T, STM32WL5MOCH6, STM32WL5MOCH6TR]
2023-04-27 20:40:22,443 [INFO] DbMcus:216 - Found 3775 MCUs, 3775 are supported
2023-04-27 20:40:22,444 [INFO] ApiDb:414 - User favorites file not found: C:\Users\Kana/.stm32cubeide/favorites.mcus.txt
2023-04-27 20:40:22,444 [INFO] DbMcus:222 - Set 0 / 0 favorites MCUs
2023-04-27 20:40:22,580 [INFO] ApiDb:668 - CubeFinder database Data Model version=2.1
2023-04-27 20:40:22,580 [INFO] ApiDb:669 - CubeFinder database Configuration version=3.0.35
2023-04-27 20:40:22,580 [INFO] ApiDb:670 - CubeFinder database generation date=2023-04-03 (1680511692)
2023-04-27 20:40:22,581 [INFO] ApiDb:671 - CubeFinder database FW Pack versions=[FP-ATR-ASTRA1_V2.0.0, STM32Cube_FW_C0_V1.0.1, STM32Cube_FW_F0_V1.11.4, STM32Cube_FW_F3_V1.11.4, STM32Cube_FW_F4_V1.27.1, STM32Cube_FW_F7_V1.17.0, STM32Cube_FW_G0_V1.6.1, STM32Cube_FW_G4_V1.5.1, STM32Cube_FW_H5_V0.5.1, STM32Cube_FW_H5_V1.0.0, STM32Cube_FW_H7_V1.11.0, STM32Cube_FW_L0_V1.12.2, STM32Cube_FW_L5_V1.5.0, STM32Cube_FW_U5_V1.2.0, STM32Cube_FW_WBA_V1.0.0, STM32Cube_FW_WBA_V1.0.0RC1, STM32Cube_FW_WBA_V1.0.0RC3, STM32Cube_FW_WB_V1.15.0RC1, STM32Cube_FW_WB_V1.16.0, STM32Cube_FW_WB_V1.16.0RC2, STM32Cube_FW_WL_V1.3.0, X-CUBE-ALGOBUILD_V1.3.0, X-CUBE-ALS_V1.0.1, X-CUBE-AZRTOS-F4_V1.1.0, X-CUBE-AZRTOS-F7_V1.1.0, X-CUBE-AZRTOS-G0_V1.1.0, X-CUBE-AZRTOS-G4_V1.0.0, X-CUBE-AZRTOS-H7_V3.0.0, X-CUBE-AZRTOS-L4_V1.0.0, X-CUBE-AZRTOS-L5_V1.1.0, X-CUBE-AZRTOS-WB_V1.1.0, X-CUBE-AZRTOS-WL_V1.0.0, X-CUBE-BLE1_V6.2.4, X-CUBE-BLE2_V3.3.0, X-CUBE-BLEMGR_V1.3.0, X-CUBE-EEPRMA1_V4.1.0, X-CUBE-FREERTOS_V1.0.1, X-CUBE-GNSS1_V6.0.0, X-CUBE-MEMS1_V9.1.0, X-CUBE-MEMS1_V9.4.0, X-CUBE-MEMS1_V9.5.0, X-CUBE-NFC4_V3.0.0, X-CUBE-NFC7_V1.0.0, X-CUBE-SFXS2LP1_V4.0.0, X-CUBE-SUBG2_V5.0.0]
2023-04-27 20:40:22,614 [INFO] DbBoardsSqlite:226 - include board P-NUCLEO-WB55-NUCLEO as a kit item of type 'Nucleo-64'
2023-04-27 20:40:22,614 [INFO] DbBoardsSqlite:226 - include board P-NUCLEO-WB55-USBDONGLE as a kit item of type 'Nucleo USB Dongle'
2023-04-27 20:40:22,614 [INFO] DbBoardsSqlite:226 - include board STEVAL-IDP005V1 as a kit item of type 'Evaluation Board'
2023-04-27 20:40:22,615 [INFO] DbBoardsSqlite:226 - include board STEVAL-IDP005V2 as a kit item of type 'Evaluation Board'
2023-04-27 20:40:22,642 [INFO] ApiDb:240 - Found 297 in-development CPN: [B-G473E-ZEST1S, B-WB1M-WPAN1, B-WL5M-SUBG1, NUCLEO-C031C6, NUCLEO-H503RB, NUCLEO-H563ZI, NUCLEO-U545RE-Q, NUCLEO-U5A5ZJ-Q, NUCLEO-WBA52CG, STEVAL-PROTEUS1, STEVAL-STWINBX1, STM320518-EVAL, STM32C0116-DK, STM32C011D6Y3TR, STM32C011D6Y6TR, STM32C011F4P3, STM32C011F4P6, STM32C011F4U3, STM32C011F4U6TR, STM32C011F6P3, STM32C011F6P6, STM32C011F6U3, STM32C011F6U6TR, STM32C011J4M3, STM32C011J4M6, STM32C011J6M3, STM32C011J6M6, STM32C0316-DK, STM32C031C4T3, STM32C031C4T6, STM32C031C4U3, STM32C031C4U6, STM32C031C6T3, STM32C031C6T6, STM32C031C6U3, STM32C031C6U6, STM32C031F4P3, STM32C031F4P6, STM32C031F6P3, STM32C031F6P6, STM32C031G4U3, STM32C031G4U6, STM32C031G6U3, STM32C031G6U6, STM32C031K4T3, STM32C031K4T6, STM32C031K4U3, STM32C031K4U6, STM32C031K6T3, STM32C031K6T6, STM32C031K6U3, STM32C031K6U6, STM32G071K8TXN, STM32G071K8UXN, STM32G081GBU6N, STM32G081KBT6N, STM32G081KBUXN, STM32G0B1CCT6N, STM32G0B1KCT6, STM32G0B1NEY6TR, STM32G0B1RCT6N, STM32G0C1CCT6, STM32G0C1CCT6N, STM32G0C1CCU6N, STM32G0C1CET6N, STM32G0C1CEU6N, STM32G0C1KCT6, STM32G0C1NEY6TR, STM32G0C1RCI6N, STM32G0C1RCT6N, STM32G0C1REI6N, STM32G0C1RET6N, STM32G0C1VCI6, STM32G0C1VEI6, STM32G471CCT6, STM32G471CCU6, STM32G471CET3, STM32G471CET6, STM32G471CEU3, STM32G471CEU6, STM32G471MCT6, STM32G471MET3, STM32G471MET6, STM32G471MEY6TR, STM32G471QCT6, STM32G471QET3, STM32G471RCT6, STM32G471RET3, STM32G471RET6, STM32G471VCH6, STM32G471VCI6, STM32G471VCT6, STM32G471VEH3, STM32G471VEH6, STM32G471VEI3, STM32G471VEI6, STM32G471VET3, STM32G471VET6, STM32G474CCT6, STM32H503CBT6, STM32H503CBU6, STM32H503EBY6TR, STM32H503KBU6, STM32H503RBT6, STM32H562AGI6, STM32H562AII6, STM32H562IGK6, STM32H562IGT6, STM32H562IIK6, STM32H562IIT6, STM32H562RGT6, STM32H562RGV6, STM32H562RIT6, STM32H562RIV6, STM32H562VGT6, STM32H562VIT6, STM32H562ZGT6, STM32H562ZIT6, STM32H563AGI6, STM32H563AII3Q, STM32H563AII6, STM32H563IGK6, STM32H563IGT6, STM32H563IIK3Q, STM32H563IIK6, STM32H563IIT3Q, STM32H563IIT6, STM32H563MIY3QTR, STM32H563RGT6, STM32H563RGV6, STM32H563RIT6, STM32H563RIV6, STM32H563VGT6, STM32H563VIT3Q, STM32H563VIT6, STM32H563ZGT6, STM32H563ZIT3Q, STM32H563ZIT6, STM32H573AII3Q, STM32H573AII6, STM32H573I-DK, STM32H573IIK3Q, STM32H573IIK6, STM32H573IIT3Q, STM32H573IIT6, STM32H573MIY3QTR, STM32H573RIT6, STM32H573RIV6, STM32H573VIT3Q, STM32H573VIT6, STM32H573ZIT3Q, STM32H573ZIT6, STM32L4R5QGI6STR, STM32MP131AAE3, STM32MP131AAF3, STM32MP131AAG3, STM32MP131CAE3, STM32MP131CAF3, STM32MP131CAG3, STM32MP131DAE7, STM32MP131DAF7, STM32MP131DAG7, STM32MP131FAE7, STM32MP131FAF7, STM32MP131FAG7, STM32MP133AAE3, STM32MP133AAF3, STM32MP133AAG3, STM32MP133CAE3, STM32MP133CAF3, STM32MP133CAG3, STM32MP133DAE7, STM32MP133DAF7, STM32MP133DAG7, STM32MP133FAE7, STM32MP133FAF7, STM32MP133FAG7, STM32MP135AAE3, STM32MP135AAF3, STM32MP135AAG3, STM32MP135CAE3, STM32MP135CAF3, STM32MP135CAG3, STM32MP135DAE7, STM32MP135DAF7, STM32MP135DAG7, STM32MP135F-DK, STM32MP135FAE7, STM32MP135FAF7, STM32MP135FAF7T, STM32MP135FAF7U, STM32MP135FAG7, STM32U535CBT6, STM32U535CBT6Q, STM32U535CBU6, STM32U535CBU6Q, STM32U535CCT6, STM32U535CCT6Q, STM32U535CCU6, STM32U535CCU6Q, STM32U535CET6, STM32U535CET6Q, STM32U535CEU6, STM32U535CEU6Q, STM32U535JEY6QTR, STM32U535NCY6QTR, STM32U535NEY6QTR, STM32U535RBI6, STM32U535RBI6Q, STM32U535RBT6, STM32U535RBT6Q, STM32U535RCI6, STM32U535RCI6Q, STM32U535RCT6, STM32U535RCT6Q, STM32U535REI6, STM32U535REI6Q, STM32U535RET6, STM32U535RET6Q, STM32U535VCI6, STM32U535VCI6Q, STM32U535VCT6, STM32U535VCT6Q, STM32U535VEI6, STM32U535VEI6Q, STM32U535VET6, STM32U535VET6Q, STM32U545CET6, STM32U545CET6Q, STM32U545CEU6, STM32U545CEU6Q, STM32U545JEY6QTR, STM32U545NEY6QTR, STM32U545REI6, STM32U545REI6Q, STM32U545RET6, STM32U545RET6Q, STM32U545VEI6, STM32U545VEI6Q, STM32U545VET6, STM32U545VET6Q, STM32U595AIH6, STM32U595AIH6Q, STM32U595AJH6, STM32U595AJH6Q, STM32U595QII6, STM32U595QII6Q, STM32U595QJI6, STM32U595QJI6Q, STM32U595RIT6, STM32U595RIT6Q, STM32U595RJT6, STM32U595RJT6Q, STM32U595VIT6, STM32U595VIT6Q, STM32U595VJT6, STM32U595VJT6Q, STM32U595ZIT6, STM32U595ZIT6Q, STM32U595ZIY6QTR, STM32U595ZJT6, STM32U595ZJT6Q, STM32U595ZJY6QTR, STM32U599BJY6QTR, STM32U599NIH6Q, STM32U599NJH6Q, STM32U599VIT6Q, STM32U599VJT6, STM32U599VJT6Q, STM32U599ZIT6Q, STM32U599ZIY6QTR, STM32U599ZJT6Q, STM32U599ZJY6QTR, STM32U5A5AJH6, STM32U5A5AJH6Q, STM32U5A5QJI6, STM32U5A5QJI6Q, STM32U5A5RJT6, STM32U5A5RJT6Q, STM32U5A5VJT6, STM32U5A5VJT6Q, STM32U5A5ZJT6, STM32U5A5ZJT6Q, STM32U5A5ZJY6QTR, STM32U5A9BJY6QTR, STM32U5A9J-DK, STM32U5A9NJH6Q, STM32U5A9VJT6Q, STM32U5A9ZJT6Q, STM32U5A9ZJY6QTR, STM32WB1MMCH6, STM32WBA52CEU6, STM32WBA52CEU6T, STM32WBA52CGU6, STM32WBA52CGU6T, STM32WL5MOCH6, STM32WL5MOCH6TR]
2023-04-27 20:40:22,698 [INFO] BoardInfo:880 - No configuration file found for board P-NUCLEO-WB55
2023-04-27 20:40:22,698 [INFO] DbBoards:157 - Kit is not supported: P-NUCLEO-WB55
2023-04-27 20:40:22,701 [INFO] BoardInfo:880 - No configuration file found for board STEVAL-BFA001V1B
2023-04-27 20:40:22,701 [INFO] DbBoards:157 - Kit is not supported: STEVAL-BFA001V1B
2023-04-27 20:40:22,701 [INFO] BoardInfo:880 - No configuration file found for board STEVAL-BFA001V2B
2023-04-27 20:40:22,701 [INFO] DbBoards:157 - Kit is not supported: STEVAL-BFA001V2B
2023-04-27 20:40:22,766 [INFO] DbBoards:161 - Found 187 boards, 184 are supported
2023-04-27 20:40:22,768 [INFO] ApiDb:414 - User favorites file not found: C:\Users\Kana/.stm32cubeide/favorites.boards.txt
2023-04-27 20:40:22,768 [INFO] DbBoards:190 - Set 0 / 0 favorites Boards
2023-04-27 20:40:22,770 [INFO] ApiDb:668 - CubeFinder database Data Model version=2.1
2023-04-27 20:40:22,770 [INFO] ApiDb:669 - CubeFinder database Configuration version=3.0.35
2023-04-27 20:40:22,770 [INFO] ApiDb:670 - CubeFinder database generation date=2023-04-03 (1680511692)
2023-04-27 20:40:22,770 [INFO] ApiDb:671 - CubeFinder database FW Pack versions=[FP-ATR-ASTRA1_V2.0.0, STM32Cube_FW_C0_V1.0.1, STM32Cube_FW_F0_V1.11.4, STM32Cube_FW_F3_V1.11.4, STM32Cube_FW_F4_V1.27.1, STM32Cube_FW_F7_V1.17.0, STM32Cube_FW_G0_V1.6.1, STM32Cube_FW_G4_V1.5.1, STM32Cube_FW_H5_V0.5.1, STM32Cube_FW_H5_V1.0.0, STM32Cube_FW_H7_V1.11.0, STM32Cube_FW_L0_V1.12.2, STM32Cube_FW_L5_V1.5.0, STM32Cube_FW_U5_V1.2.0, STM32Cube_FW_WBA_V1.0.0, STM32Cube_FW_WBA_V1.0.0RC1, STM32Cube_FW_WBA_V1.0.0RC3, STM32Cube_FW_WB_V1.15.0RC1, STM32Cube_FW_WB_V1.16.0, STM32Cube_FW_WB_V1.16.0RC2, STM32Cube_FW_WL_V1.3.0, X-CUBE-ALGOBUILD_V1.3.0, X-CUBE-ALS_V1.0.1, X-CUBE-AZRTOS-F4_V1.1.0, X-CUBE-AZRTOS-F7_V1.1.0, X-CUBE-AZRTOS-G0_V1.1.0, X-CUBE-AZRTOS-G4_V1.0.0, X-CUBE-AZRTOS-H7_V3.0.0, X-CUBE-AZRTOS-L4_V1.0.0, X-CUBE-AZRTOS-L5_V1.1.0, X-CUBE-AZRTOS-WB_V1.1.0, X-CUBE-AZRTOS-WL_V1.0.0, X-CUBE-BLE1_V6.2.4, X-CUBE-BLE2_V3.3.0, X-CUBE-BLEMGR_V1.3.0, X-CUBE-EEPRMA1_V4.1.0, X-CUBE-FREERTOS_V1.0.1, X-CUBE-GNSS1_V6.0.0, X-CUBE-MEMS1_V9.1.0, X-CUBE-MEMS1_V9.4.0, X-CUBE-MEMS1_V9.5.0, X-CUBE-NFC4_V3.0.0, X-CUBE-NFC7_V1.0.0, X-CUBE-SFXS2LP1_V4.0.0, X-CUBE-SUBG2_V5.0.0]
2023-04-27 20:40:23,280 [INFO] DbExamplesSqlite:376 - Ignored 46 examples not supported by CubeIDE
2023-04-27 20:40:23,280 [INFO] DbExamplesSqlite:377 - Found 7336 examples active
2023-04-27 20:40:23,281 [INFO] DbExamplesSqlite:378 - Found 1095 examples obsolete
2023-04-27 20:40:23,281 [INFO] DbExamplesSqlite:379 - Found 0 examples under development
2023-04-27 20:40:23,281 [INFO] DbExamplesSqlite:380 - Found 77 examples not building
2023-04-27 20:40:23,282 [INFO] DbExamples:125 - Found 7367 examples
2023-04-27 20:40:23,288 [INFO] DbExamples:222 - Found 92 boards with related examples
2023-04-27 20:40:23,289 [INFO] DbExamples:235 - Found 78 MCUs with related examples
2023-04-27 20:40:23,300 [INFO] ApiDb:414 - User favorites file not found: C:\Users\Kana/.stm32cubeide/favorites.examples.txt
2023-04-27 20:40:23,300 [INFO] DbExamples:250 - Set 0 / 0 favorites Examples
2023-04-27 20:40:23,477 [INFO] McuFinderGlobals:66 - Set McuFinderConnectedMode to true
2023-04-27 20:40:23,483 [INFO] MultiScanPanel:200 - Auto-refresh data requested => check proxy status ongoing
2023-04-27 20:40:23,486 [INFO] FinderPluginLoader:95 - Searching for filters in installed packs
2023-04-27 20:40:23,911 [WARN] PackLoader:240 - Cannot read IP mode file for STMicroelectronics.X-CUBE-GNSS1.6.0.0
2023-04-27 20:40:23,919 [WARN] PackLoader:240 - Cannot read IP mode file for STMicroelectronics.X-CUBE-AZRTOS-F4.1.1.0
2023-04-27 20:40:23,924 [WARN] PackLoader:240 - Cannot read IP mode file for STMicroelectronics.X-CUBE-SMBUS.2.1.0
2023-04-27 20:40:23,926 [WARN] PackLoader:240 - Cannot read IP mode file for wolfSSL.I-CUBE-wolfSSL.5.6.0
2023-04-27 20:40:23,936 [WARN] PackLoader:240 - Cannot read IP mode file for STMicroelectronics.X-CUBE-AZRTOS-F7.1.1.0
2023-04-27 20:40:23,974 [WARN] PackLoader:240 - Cannot read IP mode file for STMicroelectronics.X-CUBE-MEMS1.9.6.0
2023-04-27 20:40:24,036 [WARN] PackLoader:240 - Cannot read IP mode file for STMicroelectronics.X-CUBE-BLE1.6.2.4
2023-04-27 20:40:24,039 [WARN] PackLoader:240 - Cannot read IP mode file for emotas.I-CUBE-CANOPEN.1.1.3
2023-04-27 20:40:24,043 [WARN] PackLoader:240 - Cannot read IP mode file for STMicroelectronics.X-CUBE-BLEMGR.2.0.0
2023-04-27 20:40:24,051 [WARN] ConditionMgr:438 - getConditionDescription Invalid condition id : UX DEVICE CLASS RTOS Condition cause : null
2023-04-27 20:40:24,051 [WARN] ConditionMgr:438 - getConditionDescription Invalid condition id : UX DEVICE CLASS RTOS Condition cause : null
2023-04-27 20:40:24,054 [WARN] PackLoader:240 - Cannot read IP mode file for STMicroelectronics.X-CUBE-AZRTOS-H7.3.1.0
2023-04-27 20:40:24,055 [WARN] ConditionMgr:1039 - genDependencies : Invalid condition id : UX DEVICE CLASS RTOS Condition cause : null
2023-04-27 20:40:24,055 [WARN] ConditionMgr:1039 - genDependencies : Invalid condition id : UX DEVICE CLASS RTOS Condition cause : null
2023-04-27 20:40:24,055 [WARN] ConditionMgr:1039 - genDependencies : Invalid condition id : UX DEVICE CLASS RTOS Condition cause : null
2023-04-27 20:40:24,056 [WARN] ConditionMgr:1039 - genDependencies : Invalid condition id : UX DEVICE CLASS RTOS Condition cause : null
2023-04-27 20:40:24,056 [WARN] ConditionMgr:1039 - genDependencies : Invalid condition id : UX DEVICE CLASS RTOS Condition cause : null
2023-04-27 20:40:24,060 [WARN] PackLoader:240 - Cannot read IP mode file for STMicroelectronics.X-CUBE-DISPLAY.3.0.0
2023-04-27 20:40:24,065 [WARN] PackLoader:240 - Cannot read IP mode file for STMicroelectronics.X-CUBE-NFC7.1.0.0
2023-04-27 20:40:24,069 [WARN] PackLoader:240 - Cannot read IP mode file for STMicroelectronics.X-CUBE-EEPRMA1.4.1.0
2023-04-27 20:40:24,072 [WARN] PackLoader:240 - Cannot read IP mode file for WES.I-CUBE-Cesium.1.3.0
2023-04-27 20:40:24,075 [WARN] PackLoader:240 - Cannot read IP mode file for STMicroelectronics.X-CUBE-SFXS2LP1.4.0.0
2023-04-27 20:40:24,079 [WARN] PackLoader:240 - Cannot read IP mode file for STMicroelectronics.X-CUBE-BLE2.3.3.0
2023-04-27 20:40:24,082 [WARN] PackLoader:240 - Cannot read IP mode file for STMicroelectronics.X-CUBE-ISPU.1.1.0
2023-04-27 20:40:24,085 [WARN] PackLoader:240 - Cannot read IP mode file for STMicroelectronics.X-CUBE-AI.8.0.0
2023-04-27 20:40:24,088 [WARN] PackLoader:240 - Cannot read IP mode file for STMicroelectronics.X-CUBE-FREERTOS.1.0.1
2023-04-27 20:40:24,090 [WARN] PackLoader:240 - Cannot read IP mode file for STMicroelectronics.X-CUBE-TOUCHGFX.4.21.3
2023-04-27 20:40:24,093 [WARN] PackLoader:240 - Cannot read IP mode file for STMicroelectronics.X-CUBE-ALGOBUILD.1.3.0
2023-04-27 20:40:24,101 [WARN] PackLoader:240 - Cannot read IP mode file for STMicroelectronics.X-CUBE-AZRTOS-L5.1.1.0
2023-04-27 20:40:24,129 [WARN] PackLoader:240 - Cannot read IP mode file for STMicroelectronics.X-CUBE-AZRTOS-G0.1.1.0
2023-04-27 20:40:24,137 [WARN] PackLoader:240 - Cannot read IP mode file for STMicroelectronics.X-CUBE-SUBG2.5.0.0
2023-04-27 20:40:24,143 [WARN] PackLoader:240 - Cannot read IP mode file for STMicroelectronics.X-CUBE-NFC4.3.0.0
2023-04-27 20:40:24,155 [WARN] PackLoader:240 - Cannot read IP mode file for STMicroelectronics.X-CUBE-AZRTOS-G4.2.0.0
2023-04-27 20:40:24,164 [WARN] PackLoader:240 - Cannot read IP mode file for STMicroelectronics.X-CUBE-TOF1.3.3.0
2023-04-27 20:40:24,174 [WARN] PackLoader:240 - Cannot read IP mode file for STMicroelectronics.FP-ATR-SIGFOX1.3.2.0
2023-04-27 20:40:24,188 [WARN] PackLoader:240 - Cannot read IP mode file for STMicroelectronics.X-CUBE-AZRTOS-L4.1.0.0
2023-04-27 20:40:24,196 [WARN] PackLoader:240 - Cannot read IP mode file for STMicroelectronics.X-CUBE-AZRTOS-WL.1.0.0
2023-04-27 20:40:24,200 [WARN] PackLoader:240 - Cannot read IP mode file for portGmbH.I-Cube-SoM-uGOAL.1.1.0
2023-04-27 20:40:24,202 [WARN] PackLoader:240 - Cannot read IP mode file for STMicroelectronics.X-CUBE-ALS.1.0.1
2023-04-27 20:40:24,211 [WARN] PackLoader:240 - Cannot read IP mode file for STMicroelectronics.X-CUBE-AZRTOS-WB.1.1.0
2023-04-27 20:40:24,235 [WARN] PackLoader:240 - Cannot read IP mode file for SEGGER.I-CUBE-embOS.1.3.1
2023-04-27 20:40:24,259 [WARN] PackLoader:240 - Cannot read IP mode file for STMicroelectronics.FP-ATR-ASTRA1.2.0.0
2023-04-27 20:40:24,260 [INFO] ThirdParty:978 - Integrity check success = true
2023-04-27 20:40:24,260 [INFO] IntegrityCheckThread:100 - exiting critical section [integrity check]
2023-04-27 20:40:24,260 [INFO] IntegrityCheckThread:103 - End integrity checks thread
2023-04-27 20:40:24,475 [INFO] LoadUrlFilesThread:185 - End of LoadServerUrlFiles without Thread
2023-04-27 20:40:24,488 [INFO] DetailPanel:341 - Set advertising image to C:/Users/Kana/STM32Cube/Repository/\en.prom-stm32h5-mcu-finder.jpg
2023-04-27 20:40:38,741 [INFO] MultiScanPanel:200 - Auto-refresh data requested => check proxy status ongoing
2023-04-27 20:40:38,808 [INFO] LoadUrlFilesThread:185 - End of LoadServerUrlFiles without Thread
2023-04-27 20:40:38,808 [INFO] DetailPanel:341 - Set advertising image to C:/Users/Kana/STM32Cube/Repository/\en.prom-stm32h5-mcu-finder.jpg
2023-04-27 20:41:01,650 [INFO] BoardResultTable:719 - Mark Board STM32F3DISCOVERY as favorite
2023-04-27 20:41:55,525 [INFO] McuFinderGlobals:66 - Set McuFinderConnectedMode to true
2023-04-27 20:41:55,528 [INFO] ApiDb:448 - Save user favorites file C:\Users\Kana/.stm32cubeide/favorites.mcus.txt: 0 item(s)
2023-04-27 20:41:55,528 [INFO] ApiDb:452 - User favorites MCUs=[]
2023-04-27 20:41:55,529 [INFO] ApiDb:448 - Save user favorites file C:\Users\Kana/.stm32cubeide/favorites.boards.txt: 1 item(s)
2023-04-27 20:41:55,529 [INFO] ApiDb:452 - User favorites Boards=[STM32F3DISCOVERY]
